<?xml version="1.0" encoding="UTF-8"?>
<testsuites name="TS_TP4" time="173.961" tests="15" failures="0" errors="0">
   <testsuite name="TS_TP4" tests="15" failures="0" errors="0" time="173.961" skipped="0" timestamp="2023-11-20 00:23:30" hostname="mauricio - DESKTOP-95B3BCP" id="Test Suites/TS_TP4">
      <properties>
         <property name="deviceName" value=""/>
         <property name="devicePlatform" value=""/>
         <property name="logFolder" value="C:\\Users\\mauricio\\git\\TyCS-test\\Reports\\20231120_002327\\TS_TP4\\20231120_002327"/>
         <property name="logFiles" value="C:\\Users\\mauricio\\git\\TyCS-test\\Reports\\20231120_002327\\TS_TP4\\20231120_002327\\execution0.log"/>
         <property name="attachments" value=""/>
         <property name="hostName" value="mauricio - DESKTOP-95B3BCP"/>
         <property name="os" value="Windows 10 64bit"/>
         <property name="katalonVersion" value="8.6.8.208"/>
         <property name="browser" value="Chrome 119.0.0.0"/>
         <property name="hostAddress" value="192.168.1.6"/>
         <property name="sessionId" value="6e0cc0abed898d90fd9d02735010a141"/>
         <property name="seleniumVersion" value="3.141.59"/>
         <property name="proxyInformation" value="ProxyInformation { proxyOption=NO_PROXY, proxyServerType=HTTP, username=, password=********, proxyServerAddress=, proxyServerPort=0, executionList=&quot;&quot;, isApplyToDesiredCapabilities=true }"/>
         <property name="platform" value="Windows 10"/>
      </properties>
      <testcase name="Test Cases/login -logout" time="9.824" classname="Test Cases/login -logout" status="PASSED">
         <system-out><![CDATA[2023-11-20 00:23:30 - [TEST_CASE][PASSED] - Test Cases/login -logout: Test Cases/login -logout

2023-11-20 00:23:31 - [TEST_STEP][PASSED] - openBrowser(""): Browser is opened with url: ''

2023-11-20 00:23:31 - [MESSAGE][INFO] - Starting 'Chrome' driver

2023-11-20 00:23:31 - [MESSAGE][INFO] - Action delay is set to 0 milliseconds

2023-11-20 00:23:34 - [MESSAGE][PASSED] - Browser is opened with url: ''

2023-11-20 00:23:34 - [TEST_STEP][PASSED] - navigateToUrl("https://www.saucedemo.com/"): Navigate to 'https://www.saucedemo.com/' successfully

2023-11-20 00:23:36 - [MESSAGE][PASSED] - Navigate to 'https://www.saucedemo.com/' successfully

2023-11-20 00:23:36 - [TEST_STEP][PASSED] - setText(findTestObject("Object Repository/Page_Swag Labs/input_Swag Labs_user-name"), "standard_user"): Text 'standard_user' is set on object 'Object Repository/Page_Swag Labs/input_Swag Labs_user-name'

2023-11-20 00:23:38 - [MESSAGE][PASSED] - Text 'standard_user' is set on object 'Object Repository/Page_Swag Labs/input_Swag Labs_user-name'

2023-11-20 00:23:38 - [TEST_STEP][PASSED] - setEncryptedText(findTestObject("Object Repository/Page_Swag Labs/input_Swag Labs_password"), "qcu24s4901FyWDTwXGr6XA=="): Text ****** has been set on object 'Object Repository/Page_Swag Labs/input_Swag Labs_password'

2023-11-20 00:23:38 - [MESSAGE][PASSED] - Text ****** has been set on object 'Object Repository/Page_Swag Labs/input_Swag Labs_password'

2023-11-20 00:23:38 - [TEST_STEP][PASSED] - click(findTestObject("Object Repository/Page_Swag Labs/input_Swag Labs_login-button")): Object: 'Object Repository/Page_Swag Labs/input_Swag Labs_login-button' is clicked on

2023-11-20 00:23:39 - [MESSAGE][PASSED] - Object: 'Object Repository/Page_Swag Labs/input_Swag Labs_login-button' is clicked on

2023-11-20 00:23:39 - [TEST_STEP][PASSED] - click(findTestObject("Object Repository/Page_Swag Labs/button_Open Menu")): Object: 'Object Repository/Page_Swag Labs/button_Open Menu' is clicked on

2023-11-20 00:23:39 - [MESSAGE][PASSED] - Object: 'Object Repository/Page_Swag Labs/button_Open Menu' is clicked on

2023-11-20 00:23:39 - [TEST_STEP][PASSED] - click(findTestObject("Object Repository/Page_Swag Labs/a_Logout")): Object: 'Object Repository/Page_Swag Labs/a_Logout' is clicked on

2023-11-20 00:23:39 - [MESSAGE][PASSED] - Object: 'Object Repository/Page_Swag Labs/a_Logout' is clicked on

2023-11-20 00:23:39 - [TEST_STEP][PASSED] - closeBrowser(): Browser is closed

2023-11-20 00:23:40 - [MESSAGE][PASSED] - Browser is closed]]></system-out>
         <system-err><![CDATA[]]></system-err>
      </testcase>
      <testcase name="Test Cases/login no valido - clave en blanco" time="7.258" classname="Test Cases/login no valido - clave en blanco" status="PASSED">
         <system-out><![CDATA[2023-11-20 00:23:40 - [TEST_CASE][PASSED] - Test Cases/login no valido - clave en blanco: Test Cases/login no valido - clave en blanco

2023-11-20 00:23:41 - [TEST_STEP][PASSED] - openBrowser(""): Browser is opened with url: ''

2023-11-20 00:23:41 - [MESSAGE][INFO] - Starting 'Chrome' driver

2023-11-20 00:23:41 - [MESSAGE][INFO] - Action delay is set to 0 milliseconds

2023-11-20 00:23:42 - [MESSAGE][PASSED] - Browser is opened with url: ''

2023-11-20 00:23:42 - [TEST_STEP][PASSED] - navigateToUrl("https://www.saucedemo.com/"): Navigate to 'https://www.saucedemo.com/' successfully

2023-11-20 00:23:44 - [MESSAGE][PASSED] - Navigate to 'https://www.saucedemo.com/' successfully

2023-11-20 00:23:44 - [TEST_STEP][PASSED] - setText(findTestObject("Object Repository/Page_Swag Labs/input_Swag Labs_user-name"), "standard_user"): Text 'standard_user' is set on object 'Object Repository/Page_Swag Labs/input_Swag Labs_user-name'

2023-11-20 00:23:46 - [MESSAGE][PASSED] - Text 'standard_user' is set on object 'Object Repository/Page_Swag Labs/input_Swag Labs_user-name'

2023-11-20 00:23:46 - [TEST_STEP][PASSED] - click(findTestObject("Object Repository/Page_Swag Labs/input_Swag Labs_login-button")): Object: 'Object Repository/Page_Swag Labs/input_Swag Labs_login-button' is clicked on

2023-11-20 00:23:46 - [MESSAGE][PASSED] - Object: 'Object Repository/Page_Swag Labs/input_Swag Labs_login-button' is clicked on

2023-11-20 00:23:46 - [TEST_STEP][PASSED] - click(findTestObject("Object Repository/Page_Swag Labs/input_Swag Labs_login-button")): Object: 'Object Repository/Page_Swag Labs/input_Swag Labs_login-button' is clicked on

2023-11-20 00:23:47 - [MESSAGE][PASSED] - Object: 'Object Repository/Page_Swag Labs/input_Swag Labs_login-button' is clicked on

2023-11-20 00:23:47 - [TEST_STEP][PASSED] - closeBrowser(): Browser is closed

2023-11-20 00:23:48 - [MESSAGE][PASSED] - Browser is closed]]></system-out>
         <system-err><![CDATA[]]></system-err>
      </testcase>
      <testcase name="Test Cases/login no valido - clave erronea" time="38.052" classname="Test Cases/login no valido - clave erronea" status="PASSED">
         <system-out><![CDATA[2023-11-20 00:23:48 - [TEST_CASE][PASSED] - Test Cases/login no valido - clave erronea: Test Cases/login no valido - clave erronea

2023-11-20 00:23:48 - [TEST_STEP][PASSED] - openBrowser(""): Browser is opened with url: ''

2023-11-20 00:23:48 - [MESSAGE][INFO] - Starting 'Chrome' driver

2023-11-20 00:23:48 - [MESSAGE][INFO] - Action delay is set to 0 milliseconds

2023-11-20 00:23:50 - [MESSAGE][PASSED] - Browser is opened with url: ''

2023-11-20 00:23:50 - [TEST_STEP][PASSED] - navigateToUrl("https://www.saucedemo.com/"): Navigate to 'https://www.saucedemo.com/' successfully

2023-11-20 00:23:52 - [MESSAGE][PASSED] - Navigate to 'https://www.saucedemo.com/' successfully

2023-11-20 00:23:52 - [TEST_STEP][PASSED] - setText(findTestObject("Object Repository/Page_Swag Labs/input_Swag Labs_user-name"), "standard_user"): Text 'standard_user' is set on object 'Object Repository/Page_Swag Labs/input_Swag Labs_user-name'

2023-11-20 00:23:54 - [MESSAGE][PASSED] - Text 'standard_user' is set on object 'Object Repository/Page_Swag Labs/input_Swag Labs_user-name'

2023-11-20 00:23:54 - [TEST_STEP][PASSED] - setEncryptedText(findTestObject("Object Repository/Page_Swag Labs/input_Swag Labs_password"), "aeHFOx8jV/A="): Text ****** has been set on object 'Object Repository/Page_Swag Labs/input_Swag Labs_password'

2023-11-20 00:23:54 - [MESSAGE][PASSED] - Text ****** has been set on object 'Object Repository/Page_Swag Labs/input_Swag Labs_password'

2023-11-20 00:23:54 - [TEST_STEP][PASSED] - click(findTestObject("Object Repository/Page_Swag Labs/input_Swag Labs_login-button")): Object: 'Object Repository/Page_Swag Labs/input_Swag Labs_login-button' is clicked on

2023-11-20 00:23:55 - [MESSAGE][PASSED] - Object: 'Object Repository/Page_Swag Labs/input_Swag Labs_login-button' is clicked on

2023-11-20 00:23:55 - [TEST_STEP][PASSED] - click(findTestObject("Object Repository/Page_Swag Labs/input_Swag Labs_login-button")): Object: 'Object Repository/Page_Swag Labs/input_Swag Labs_login-button' is clicked on

2023-11-20 00:24:25 - [MESSAGE][PASSED] - Object: 'Object Repository/Page_Swag Labs/input_Swag Labs_login-button' is clicked on

2023-11-20 00:24:25 - [TEST_STEP][PASSED] - closeBrowser(): Browser is closed

2023-11-20 00:24:26 - [MESSAGE][PASSED] - Browser is closed]]></system-out>
         <system-err><![CDATA[]]></system-err>
      </testcase>
      <testcase name="Test Cases/login no Valido - usuario erroneo - verify Element no present" time="8.353" classname="Test Cases/login no Valido - usuario erroneo - verify Element no present" status="PASSED">
         <system-out><![CDATA[2023-11-20 00:24:26 - [TEST_CASE][PASSED] - Test Cases/login no Valido - usuario erroneo - verify Element no present: Test Cases/login no Valido - usuario erroneo - verify Element no present

2023-11-20 00:24:26 - [TEST_STEP][PASSED] - openBrowser(""): Browser is opened with url: ''

2023-11-20 00:24:26 - [MESSAGE][INFO] - Starting 'Chrome' driver

2023-11-20 00:24:26 - [MESSAGE][INFO] - Action delay is set to 0 milliseconds

2023-11-20 00:24:28 - [MESSAGE][PASSED] - Browser is opened with url: ''

2023-11-20 00:24:28 - [TEST_STEP][PASSED] - navigateToUrl("https://www.saucedemo.com/"): Navigate to 'https://www.saucedemo.com/' successfully

2023-11-20 00:24:29 - [MESSAGE][PASSED] - Navigate to 'https://www.saucedemo.com/' successfully

2023-11-20 00:24:29 - [TEST_STEP][PASSED] - setText(findTestObject("Object Repository/Page_Swag Labs/input_Swag Labs_user-name"), "standard_user"): Text 'standard_user' is set on object 'Object Repository/Page_Swag Labs/input_Swag Labs_user-name'

2023-11-20 00:24:31 - [MESSAGE][PASSED] - Text 'standard_user' is set on object 'Object Repository/Page_Swag Labs/input_Swag Labs_user-name'

2023-11-20 00:24:31 - [TEST_STEP][PASSED] - setEncryptedText(findTestObject("Object Repository/Page_Swag Labs/input_Swag Labs_password"), "qcu24s4901FyWDTwXGr6XA=="): Text ****** has been set on object 'Object Repository/Page_Swag Labs/input_Swag Labs_password'

2023-11-20 00:24:32 - [MESSAGE][PASSED] - Text ****** has been set on object 'Object Repository/Page_Swag Labs/input_Swag Labs_password'

2023-11-20 00:24:32 - [TEST_STEP][PASSED] - click(findTestObject("Object Repository/Page_Swag Labs/input_Swag Labs_login-button")): Object: 'Object Repository/Page_Swag Labs/input_Swag Labs_login-button' is clicked on

2023-11-20 00:24:32 - [MESSAGE][PASSED] - Object: 'Object Repository/Page_Swag Labs/input_Swag Labs_login-button' is clicked on

2023-11-20 00:24:32 - [TEST_STEP][PASSED] - verifyElementNotPresent(findTestObject("Page_Swag Labs/input_Swag Labs_login-button"), 5): Web element with id: 'Object Repository/Page_Swag Labs/input_Swag Labs_login-button' located by 'By.xpath: //input[@id='login-button']' is not present after '5' second(s)

2023-11-20 00:24:33 - [MESSAGE][PASSED] - Web element with id: 'Object Repository/Page_Swag Labs/input_Swag Labs_login-button' located by 'By.xpath: //input[@id='login-button']' is not present after '5' second(s)

2023-11-20 00:24:33 - [TEST_STEP][PASSED] - closeBrowser(): Browser is closed

2023-11-20 00:24:34 - [MESSAGE][PASSED] - Browser is closed]]></system-out>
         <system-err><![CDATA[]]></system-err>
      </testcase>
      <testcase name="Test Cases/login no Valido - usuario incorrecto" time="7.71" classname="Test Cases/login no Valido - usuario incorrecto" status="PASSED">
         <system-out><![CDATA[2023-11-20 00:24:34 - [TEST_CASE][PASSED] - Test Cases/login no Valido - usuario incorrecto: Test Cases/login no Valido - usuario incorrecto

2023-11-20 00:24:34 - [TEST_STEP][PASSED] - openBrowser(""): Browser is opened with url: ''

2023-11-20 00:24:34 - [MESSAGE][INFO] - Starting 'Chrome' driver

2023-11-20 00:24:34 - [MESSAGE][INFO] - Action delay is set to 0 milliseconds

2023-11-20 00:24:36 - [MESSAGE][PASSED] - Browser is opened with url: ''

2023-11-20 00:24:36 - [TEST_STEP][PASSED] - navigateToUrl("https://www.saucedemo.com/"): Navigate to 'https://www.saucedemo.com/' successfully

2023-11-20 00:24:38 - [MESSAGE][PASSED] - Navigate to 'https://www.saucedemo.com/' successfully

2023-11-20 00:24:38 - [TEST_STEP][PASSED] - setText(findTestObject("Object Repository/Page_Swag Labs/input_Swag Labs_user-name"), "standard_user2"): Text 'standard_user2' is set on object 'Object Repository/Page_Swag Labs/input_Swag Labs_user-name'

2023-11-20 00:24:40 - [MESSAGE][PASSED] - Text 'standard_user2' is set on object 'Object Repository/Page_Swag Labs/input_Swag Labs_user-name'

2023-11-20 00:24:40 - [TEST_STEP][PASSED] - setEncryptedText(findTestObject("Object Repository/Page_Swag Labs/input_Swag Labs_password"), "qcu24s4901FyWDTwXGr6XA=="): Text ****** has been set on object 'Object Repository/Page_Swag Labs/input_Swag Labs_password'

2023-11-20 00:24:40 - [MESSAGE][PASSED] - Text ****** has been set on object 'Object Repository/Page_Swag Labs/input_Swag Labs_password'

2023-11-20 00:24:40 - [TEST_STEP][PASSED] - click(findTestObject("Object Repository/Page_Swag Labs/input_Swag Labs_login-button")): Object: 'Object Repository/Page_Swag Labs/input_Swag Labs_login-button' is clicked on

2023-11-20 00:24:41 - [MESSAGE][PASSED] - Object: 'Object Repository/Page_Swag Labs/input_Swag Labs_login-button' is clicked on

2023-11-20 00:24:41 - [TEST_STEP][PASSED] - closeBrowser(): Browser is closed

2023-11-20 00:24:42 - [MESSAGE][PASSED] - Browser is closed]]></system-out>
         <system-err><![CDATA[]]></system-err>
      </testcase>
      <testcase name="Test Cases/login Valido" time="7.649" classname="Test Cases/login Valido" status="PASSED">
         <system-out><![CDATA[2023-11-20 00:24:42 - [TEST_CASE][PASSED] - Test Cases/login Valido: Test Cases/login Valido

2023-11-20 00:24:42 - [TEST_STEP][PASSED] - openBrowser(""): Browser is opened with url: ''

2023-11-20 00:24:42 - [MESSAGE][INFO] - Starting 'Chrome' driver

2023-11-20 00:24:42 - [MESSAGE][INFO] - Action delay is set to 0 milliseconds

2023-11-20 00:24:44 - [MESSAGE][PASSED] - Browser is opened with url: ''

2023-11-20 00:24:44 - [TEST_STEP][PASSED] - navigateToUrl("https://www.saucedemo.com/"): Navigate to 'https://www.saucedemo.com/' successfully

2023-11-20 00:24:46 - [MESSAGE][PASSED] - Navigate to 'https://www.saucedemo.com/' successfully

2023-11-20 00:24:46 - [TEST_STEP][PASSED] - setText(findTestObject("Object Repository/Page_Swag Labs/input_Swag Labs_user-name"), "standard_user"): Text 'standard_user' is set on object 'Object Repository/Page_Swag Labs/input_Swag Labs_user-name'

2023-11-20 00:24:48 - [MESSAGE][PASSED] - Text 'standard_user' is set on object 'Object Repository/Page_Swag Labs/input_Swag Labs_user-name'

2023-11-20 00:24:48 - [TEST_STEP][PASSED] - setEncryptedText(findTestObject("Object Repository/Page_Swag Labs/input_Swag Labs_password"), "qcu24s4901FyWDTwXGr6XA=="): Text ****** has been set on object 'Object Repository/Page_Swag Labs/input_Swag Labs_password'

2023-11-20 00:24:48 - [MESSAGE][PASSED] - Text ****** has been set on object 'Object Repository/Page_Swag Labs/input_Swag Labs_password'

2023-11-20 00:24:48 - [TEST_STEP][PASSED] - click(findTestObject("Object Repository/Page_Swag Labs/input_Swag Labs_login-button")): Object: 'Object Repository/Page_Swag Labs/input_Swag Labs_login-button' is clicked on

2023-11-20 00:24:49 - [MESSAGE][PASSED] - Object: 'Object Repository/Page_Swag Labs/input_Swag Labs_login-button' is clicked on

2023-11-20 00:24:49 - [TEST_STEP][PASSED] - closeBrowser(): Browser is closed

2023-11-20 00:24:49 - [MESSAGE][PASSED] - Browser is closed]]></system-out>
         <system-err><![CDATA[]]></system-err>
      </testcase>
      <testcase name="Test Cases/checkout" time="13.932" classname="Test Cases/checkout" status="PASSED">
         <system-out><![CDATA[2023-11-20 00:24:50 - [TEST_CASE][PASSED] - Test Cases/checkout: Test Cases/checkout

2023-11-20 00:24:50 - [TEST_STEP][PASSED] - openBrowser(""): Browser is opened with url: ''

2023-11-20 00:24:50 - [MESSAGE][INFO] - Starting 'Chrome' driver

2023-11-20 00:24:50 - [MESSAGE][INFO] - Action delay is set to 0 milliseconds

2023-11-20 00:24:52 - [MESSAGE][PASSED] - Browser is opened with url: ''

2023-11-20 00:24:52 - [TEST_STEP][PASSED] - navigateToUrl("https://www.saucedemo.com/"): Navigate to 'https://www.saucedemo.com/' successfully

2023-11-20 00:24:53 - [MESSAGE][PASSED] - Navigate to 'https://www.saucedemo.com/' successfully

2023-11-20 00:24:53 - [TEST_STEP][PASSED] - click(findTestObject("Object Repository/Page_Swag Labs/input_Swag Labs_user-name")): Object: 'Object Repository/Page_Swag Labs/input_Swag Labs_user-name' is clicked on

2023-11-20 00:24:55 - [MESSAGE][PASSED] - Object: 'Object Repository/Page_Swag Labs/input_Swag Labs_user-name' is clicked on

2023-11-20 00:24:55 - [TEST_STEP][PASSED] - click(findTestObject("Object Repository/Page_Swag Labs/div_Accepted usernames arestandard_userlock_0d4679")): Object: 'Object Repository/Page_Swag Labs/div_Accepted usernames arestandard_userlock_0d4679' is clicked on

2023-11-20 00:24:56 - [MESSAGE][PASSED] - Object: 'Object Repository/Page_Swag Labs/div_Accepted usernames arestandard_userlock_0d4679' is clicked on

2023-11-20 00:24:56 - [TEST_STEP][PASSED] - setText(findTestObject("Object Repository/Page_Swag Labs/input_Swag Labs_user-name"), "standard_user"): Text 'standard_user' is set on object 'Object Repository/Page_Swag Labs/input_Swag Labs_user-name'

2023-11-20 00:24:56 - [MESSAGE][PASSED] - Text 'standard_user' is set on object 'Object Repository/Page_Swag Labs/input_Swag Labs_user-name'

2023-11-20 00:24:56 - [TEST_STEP][PASSED] - click(findTestObject("Object Repository/Page_Swag Labs/div_Password for all userssecret_sauce")): Object: 'Object Repository/Page_Swag Labs/div_Password for all userssecret_sauce' is clicked on

2023-11-20 00:24:57 - [MESSAGE][PASSED] - Object: 'Object Repository/Page_Swag Labs/div_Password for all userssecret_sauce' is clicked on

2023-11-20 00:24:57 - [TEST_STEP][PASSED] - setEncryptedText(findTestObject("Object Repository/Page_Swag Labs/input_Swag Labs_password"), "qcu24s4901FyWDTwXGr6XA=="): Text ****** has been set on object 'Object Repository/Page_Swag Labs/input_Swag Labs_password'

2023-11-20 00:24:57 - [MESSAGE][PASSED] - Text ****** has been set on object 'Object Repository/Page_Swag Labs/input_Swag Labs_password'

2023-11-20 00:24:57 - [TEST_STEP][PASSED] - click(findTestObject("Object Repository/Page_Swag Labs/input_Swag Labs_login-button")): Object: 'Object Repository/Page_Swag Labs/input_Swag Labs_login-button' is clicked on

2023-11-20 00:24:58 - [MESSAGE][PASSED] - Object: 'Object Repository/Page_Swag Labs/input_Swag Labs_login-button' is clicked on

2023-11-20 00:24:58 - [TEST_STEP][PASSED] - click(findTestObject("Object Repository/Page_Swag Labs/a_Swag Labs_shopping_cart_link")): Object: 'Object Repository/Page_Swag Labs/a_Swag Labs_shopping_cart_link' is clicked on

2023-11-20 00:24:58 - [MESSAGE][PASSED] - Object: 'Object Repository/Page_Swag Labs/a_Swag Labs_shopping_cart_link' is clicked on

2023-11-20 00:24:58 - [TEST_STEP][PASSED] - click(findTestObject("Object Repository/Page_Swag Labs/button_Checkout")): Object: 'Object Repository/Page_Swag Labs/button_Checkout' is clicked on

2023-11-20 00:24:59 - [MESSAGE][PASSED] - Object: 'Object Repository/Page_Swag Labs/button_Checkout' is clicked on

2023-11-20 00:24:59 - [TEST_STEP][PASSED] - setText(findTestObject("Object Repository/Page_Swag Labs/input_Checkout Your Information_firstName"), firstName): Text 'Pablo' is set on object 'Object Repository/Page_Swag Labs/input_Checkout Your Information_firstName'

2023-11-20 00:24:59 - [MESSAGE][PASSED] - Text 'Pablo' is set on object 'Object Repository/Page_Swag Labs/input_Checkout Your Information_firstName'

2023-11-20 00:24:59 - [TEST_STEP][PASSED] - setText(findTestObject("Object Repository/Page_Swag Labs/input_Checkout Your Information_lastName"), lastName): Text 'Roda' is set on object 'Object Repository/Page_Swag Labs/input_Checkout Your Information_lastName'

2023-11-20 00:25:00 - [MESSAGE][PASSED] - Text 'Roda' is set on object 'Object Repository/Page_Swag Labs/input_Checkout Your Information_lastName'

2023-11-20 00:25:00 - [TEST_STEP][PASSED] - setText(findTestObject("Object Repository/Page_Swag Labs/input_Checkout Your Information_postalCode"), postalCode): Text '4000' is set on object 'Object Repository/Page_Swag Labs/input_Checkout Your Information_postalCode'

2023-11-20 00:25:01 - [MESSAGE][PASSED] - Text '4000' is set on object 'Object Repository/Page_Swag Labs/input_Checkout Your Information_postalCode'

2023-11-20 00:25:01 - [TEST_STEP][PASSED] - click(findTestObject("Object Repository/Page_Swag Labs/input_Cancel_continue")): Object: 'Object Repository/Page_Swag Labs/input_Cancel_continue' is clicked on

2023-11-20 00:25:02 - [MESSAGE][PASSED] - Object: 'Object Repository/Page_Swag Labs/input_Cancel_continue' is clicked on

2023-11-20 00:25:02 - [TEST_STEP][PASSED] - click(findTestObject("Object Repository/Page_Swag Labs/button_Finish")): Object: 'Object Repository/Page_Swag Labs/button_Finish' is clicked on

2023-11-20 00:25:02 - [MESSAGE][PASSED] - Object: 'Object Repository/Page_Swag Labs/button_Finish' is clicked on

2023-11-20 00:25:02 - [TEST_STEP][PASSED] - click(findTestObject("Object Repository/Page_Swag Labs/button_Back Home")): Object: 'Object Repository/Page_Swag Labs/button_Back Home' is clicked on

2023-11-20 00:25:03 - [MESSAGE][PASSED] - Object: 'Object Repository/Page_Swag Labs/button_Back Home' is clicked on

2023-11-20 00:25:03 - [TEST_STEP][PASSED] - closeBrowser(): Browser is closed

2023-11-20 00:25:04 - [MESSAGE][PASSED] - Browser is closed]]></system-out>
         <system-err><![CDATA[]]></system-err>
      </testcase>
      <testcase name="Test Cases/checkout" time="15.414" classname="Test Cases/checkout" status="PASSED">
         <system-out><![CDATA[2023-11-20 00:25:04 - [TEST_CASE][PASSED] - Test Cases/checkout: Test Cases/checkout

2023-11-20 00:25:04 - [TEST_STEP][PASSED] - openBrowser(""): Browser is opened with url: ''

2023-11-20 00:25:04 - [MESSAGE][INFO] - Starting 'Chrome' driver

2023-11-20 00:25:04 - [MESSAGE][INFO] - Action delay is set to 0 milliseconds

2023-11-20 00:25:05 - [MESSAGE][PASSED] - Browser is opened with url: ''

2023-11-20 00:25:05 - [TEST_STEP][PASSED] - navigateToUrl("https://www.saucedemo.com/"): Navigate to 'https://www.saucedemo.com/' successfully

2023-11-20 00:25:09 - [MESSAGE][PASSED] - Navigate to 'https://www.saucedemo.com/' successfully

2023-11-20 00:25:09 - [TEST_STEP][PASSED] - click(findTestObject("Object Repository/Page_Swag Labs/input_Swag Labs_user-name")): Object: 'Object Repository/Page_Swag Labs/input_Swag Labs_user-name' is clicked on

2023-11-20 00:25:10 - [MESSAGE][PASSED] - Object: 'Object Repository/Page_Swag Labs/input_Swag Labs_user-name' is clicked on

2023-11-20 00:25:10 - [TEST_STEP][PASSED] - click(findTestObject("Object Repository/Page_Swag Labs/div_Accepted usernames arestandard_userlock_0d4679")): Object: 'Object Repository/Page_Swag Labs/div_Accepted usernames arestandard_userlock_0d4679' is clicked on

2023-11-20 00:25:11 - [MESSAGE][PASSED] - Object: 'Object Repository/Page_Swag Labs/div_Accepted usernames arestandard_userlock_0d4679' is clicked on

2023-11-20 00:25:11 - [TEST_STEP][PASSED] - setText(findTestObject("Object Repository/Page_Swag Labs/input_Swag Labs_user-name"), "standard_user"): Text 'standard_user' is set on object 'Object Repository/Page_Swag Labs/input_Swag Labs_user-name'

2023-11-20 00:25:11 - [MESSAGE][PASSED] - Text 'standard_user' is set on object 'Object Repository/Page_Swag Labs/input_Swag Labs_user-name'

2023-11-20 00:25:11 - [TEST_STEP][PASSED] - click(findTestObject("Object Repository/Page_Swag Labs/div_Password for all userssecret_sauce")): Object: 'Object Repository/Page_Swag Labs/div_Password for all userssecret_sauce' is clicked on

2023-11-20 00:25:12 - [MESSAGE][PASSED] - Object: 'Object Repository/Page_Swag Labs/div_Password for all userssecret_sauce' is clicked on

2023-11-20 00:25:12 - [TEST_STEP][PASSED] - setEncryptedText(findTestObject("Object Repository/Page_Swag Labs/input_Swag Labs_password"), "qcu24s4901FyWDTwXGr6XA=="): Text ****** has been set on object 'Object Repository/Page_Swag Labs/input_Swag Labs_password'

2023-11-20 00:25:12 - [MESSAGE][PASSED] - Text ****** has been set on object 'Object Repository/Page_Swag Labs/input_Swag Labs_password'

2023-11-20 00:25:12 - [TEST_STEP][PASSED] - click(findTestObject("Object Repository/Page_Swag Labs/input_Swag Labs_login-button")): Object: 'Object Repository/Page_Swag Labs/input_Swag Labs_login-button' is clicked on

2023-11-20 00:25:13 - [MESSAGE][PASSED] - Object: 'Object Repository/Page_Swag Labs/input_Swag Labs_login-button' is clicked on

2023-11-20 00:25:13 - [TEST_STEP][PASSED] - click(findTestObject("Object Repository/Page_Swag Labs/a_Swag Labs_shopping_cart_link")): Object: 'Object Repository/Page_Swag Labs/a_Swag Labs_shopping_cart_link' is clicked on

2023-11-20 00:25:13 - [MESSAGE][PASSED] - Object: 'Object Repository/Page_Swag Labs/a_Swag Labs_shopping_cart_link' is clicked on

2023-11-20 00:25:13 - [TEST_STEP][PASSED] - click(findTestObject("Object Repository/Page_Swag Labs/button_Checkout")): Object: 'Object Repository/Page_Swag Labs/button_Checkout' is clicked on

2023-11-20 00:25:14 - [MESSAGE][PASSED] - Object: 'Object Repository/Page_Swag Labs/button_Checkout' is clicked on

2023-11-20 00:25:14 - [TEST_STEP][PASSED] - setText(findTestObject("Object Repository/Page_Swag Labs/input_Checkout Your Information_firstName"), firstName): Text 'Claudia' is set on object 'Object Repository/Page_Swag Labs/input_Checkout Your Information_firstName'

2023-11-20 00:25:15 - [MESSAGE][PASSED] - Text 'Claudia' is set on object 'Object Repository/Page_Swag Labs/input_Checkout Your Information_firstName'

2023-11-20 00:25:15 - [TEST_STEP][PASSED] - setText(findTestObject("Object Repository/Page_Swag Labs/input_Checkout Your Information_lastName"), lastName): Text 'Nieva' is set on object 'Object Repository/Page_Swag Labs/input_Checkout Your Information_lastName'

2023-11-20 00:25:16 - [MESSAGE][PASSED] - Text 'Nieva' is set on object 'Object Repository/Page_Swag Labs/input_Checkout Your Information_lastName'

2023-11-20 00:25:16 - [TEST_STEP][PASSED] - setText(findTestObject("Object Repository/Page_Swag Labs/input_Checkout Your Information_postalCode"), postalCode): Text '4000' is set on object 'Object Repository/Page_Swag Labs/input_Checkout Your Information_postalCode'

2023-11-20 00:25:17 - [MESSAGE][PASSED] - Text '4000' is set on object 'Object Repository/Page_Swag Labs/input_Checkout Your Information_postalCode'

2023-11-20 00:25:17 - [TEST_STEP][PASSED] - click(findTestObject("Object Repository/Page_Swag Labs/input_Cancel_continue")): Object: 'Object Repository/Page_Swag Labs/input_Cancel_continue' is clicked on

2023-11-20 00:25:17 - [MESSAGE][PASSED] - Object: 'Object Repository/Page_Swag Labs/input_Cancel_continue' is clicked on

2023-11-20 00:25:17 - [TEST_STEP][PASSED] - click(findTestObject("Object Repository/Page_Swag Labs/button_Finish")): Object: 'Object Repository/Page_Swag Labs/button_Finish' is clicked on

2023-11-20 00:25:18 - [MESSAGE][PASSED] - Object: 'Object Repository/Page_Swag Labs/button_Finish' is clicked on

2023-11-20 00:25:18 - [TEST_STEP][PASSED] - click(findTestObject("Object Repository/Page_Swag Labs/button_Back Home")): Object: 'Object Repository/Page_Swag Labs/button_Back Home' is clicked on

2023-11-20 00:25:18 - [MESSAGE][PASSED] - Object: 'Object Repository/Page_Swag Labs/button_Back Home' is clicked on

2023-11-20 00:25:18 - [TEST_STEP][PASSED] - closeBrowser(): Browser is closed

2023-11-20 00:25:19 - [MESSAGE][PASSED] - Browser is closed]]></system-out>
         <system-err><![CDATA[]]></system-err>
      </testcase>
      <testcase name="Test Cases/checkout" time="13.965" classname="Test Cases/checkout" status="PASSED">
         <system-out><![CDATA[2023-11-20 00:25:19 - [TEST_CASE][PASSED] - Test Cases/checkout: Test Cases/checkout

2023-11-20 00:25:19 - [TEST_STEP][PASSED] - openBrowser(""): Browser is opened with url: ''

2023-11-20 00:25:19 - [MESSAGE][INFO] - Starting 'Chrome' driver

2023-11-20 00:25:19 - [MESSAGE][INFO] - Action delay is set to 0 milliseconds

2023-11-20 00:25:21 - [MESSAGE][PASSED] - Browser is opened with url: ''

2023-11-20 00:25:21 - [TEST_STEP][PASSED] - navigateToUrl("https://www.saucedemo.com/"): Navigate to 'https://www.saucedemo.com/' successfully

2023-11-20 00:25:23 - [MESSAGE][PASSED] - Navigate to 'https://www.saucedemo.com/' successfully

2023-11-20 00:25:23 - [TEST_STEP][PASSED] - click(findTestObject("Object Repository/Page_Swag Labs/input_Swag Labs_user-name")): Object: 'Object Repository/Page_Swag Labs/input_Swag Labs_user-name' is clicked on

2023-11-20 00:25:24 - [MESSAGE][PASSED] - Object: 'Object Repository/Page_Swag Labs/input_Swag Labs_user-name' is clicked on

2023-11-20 00:25:24 - [TEST_STEP][PASSED] - click(findTestObject("Object Repository/Page_Swag Labs/div_Accepted usernames arestandard_userlock_0d4679")): Object: 'Object Repository/Page_Swag Labs/div_Accepted usernames arestandard_userlock_0d4679' is clicked on

2023-11-20 00:25:25 - [MESSAGE][PASSED] - Object: 'Object Repository/Page_Swag Labs/div_Accepted usernames arestandard_userlock_0d4679' is clicked on

2023-11-20 00:25:25 - [TEST_STEP][PASSED] - setText(findTestObject("Object Repository/Page_Swag Labs/input_Swag Labs_user-name"), "standard_user"): Text 'standard_user' is set on object 'Object Repository/Page_Swag Labs/input_Swag Labs_user-name'

2023-11-20 00:25:25 - [MESSAGE][PASSED] - Text 'standard_user' is set on object 'Object Repository/Page_Swag Labs/input_Swag Labs_user-name'

2023-11-20 00:25:25 - [TEST_STEP][PASSED] - click(findTestObject("Object Repository/Page_Swag Labs/div_Password for all userssecret_sauce")): Object: 'Object Repository/Page_Swag Labs/div_Password for all userssecret_sauce' is clicked on

2023-11-20 00:25:26 - [MESSAGE][PASSED] - Object: 'Object Repository/Page_Swag Labs/div_Password for all userssecret_sauce' is clicked on

2023-11-20 00:25:26 - [TEST_STEP][PASSED] - setEncryptedText(findTestObject("Object Repository/Page_Swag Labs/input_Swag Labs_password"), "qcu24s4901FyWDTwXGr6XA=="): Text ****** has been set on object 'Object Repository/Page_Swag Labs/input_Swag Labs_password'

2023-11-20 00:25:26 - [MESSAGE][PASSED] - Text ****** has been set on object 'Object Repository/Page_Swag Labs/input_Swag Labs_password'

2023-11-20 00:25:26 - [TEST_STEP][PASSED] - click(findTestObject("Object Repository/Page_Swag Labs/input_Swag Labs_login-button")): Object: 'Object Repository/Page_Swag Labs/input_Swag Labs_login-button' is clicked on

2023-11-20 00:25:27 - [MESSAGE][PASSED] - Object: 'Object Repository/Page_Swag Labs/input_Swag Labs_login-button' is clicked on

2023-11-20 00:25:27 - [TEST_STEP][PASSED] - click(findTestObject("Object Repository/Page_Swag Labs/a_Swag Labs_shopping_cart_link")): Object: 'Object Repository/Page_Swag Labs/a_Swag Labs_shopping_cart_link' is clicked on

2023-11-20 00:25:27 - [MESSAGE][PASSED] - Object: 'Object Repository/Page_Swag Labs/a_Swag Labs_shopping_cart_link' is clicked on

2023-11-20 00:25:27 - [TEST_STEP][PASSED] - click(findTestObject("Object Repository/Page_Swag Labs/button_Checkout")): Object: 'Object Repository/Page_Swag Labs/button_Checkout' is clicked on

2023-11-20 00:25:28 - [MESSAGE][PASSED] - Object: 'Object Repository/Page_Swag Labs/button_Checkout' is clicked on

2023-11-20 00:25:28 - [TEST_STEP][PASSED] - setText(findTestObject("Object Repository/Page_Swag Labs/input_Checkout Your Information_firstName"), firstName): Text 'Walter ' is set on object 'Object Repository/Page_Swag Labs/input_Checkout Your Information_firstName'

2023-11-20 00:25:29 - [MESSAGE][PASSED] - Text 'Walter ' is set on object 'Object Repository/Page_Swag Labs/input_Checkout Your Information_firstName'

2023-11-20 00:25:29 - [TEST_STEP][PASSED] - setText(findTestObject("Object Repository/Page_Swag Labs/input_Checkout Your Information_lastName"), lastName): Text 'Nieva' is set on object 'Object Repository/Page_Swag Labs/input_Checkout Your Information_lastName'

2023-11-20 00:25:30 - [MESSAGE][PASSED] - Text 'Nieva' is set on object 'Object Repository/Page_Swag Labs/input_Checkout Your Information_lastName'

2023-11-20 00:25:30 - [TEST_STEP][PASSED] - setText(findTestObject("Object Repository/Page_Swag Labs/input_Checkout Your Information_postalCode"), postalCode): Text '4000' is set on object 'Object Repository/Page_Swag Labs/input_Checkout Your Information_postalCode'

2023-11-20 00:25:31 - [MESSAGE][PASSED] - Text '4000' is set on object 'Object Repository/Page_Swag Labs/input_Checkout Your Information_postalCode'

2023-11-20 00:25:31 - [TEST_STEP][PASSED] - click(findTestObject("Object Repository/Page_Swag Labs/input_Cancel_continue")): Object: 'Object Repository/Page_Swag Labs/input_Cancel_continue' is clicked on

2023-11-20 00:25:31 - [MESSAGE][PASSED] - Object: 'Object Repository/Page_Swag Labs/input_Cancel_continue' is clicked on

2023-11-20 00:25:31 - [TEST_STEP][PASSED] - click(findTestObject("Object Repository/Page_Swag Labs/button_Finish")): Object: 'Object Repository/Page_Swag Labs/button_Finish' is clicked on

2023-11-20 00:25:32 - [MESSAGE][PASSED] - Object: 'Object Repository/Page_Swag Labs/button_Finish' is clicked on

2023-11-20 00:25:32 - [TEST_STEP][PASSED] - click(findTestObject("Object Repository/Page_Swag Labs/button_Back Home")): Object: 'Object Repository/Page_Swag Labs/button_Back Home' is clicked on

2023-11-20 00:25:32 - [MESSAGE][PASSED] - Object: 'Object Repository/Page_Swag Labs/button_Back Home' is clicked on

2023-11-20 00:25:32 - [TEST_STEP][PASSED] - closeBrowser(): Browser is closed

2023-11-20 00:25:33 - [MESSAGE][PASSED] - Browser is closed]]></system-out>
         <system-err><![CDATA[]]></system-err>
      </testcase>
      <testcase name="Test Cases/login Valido - Parametrizado" time="7.744" classname="Test Cases/login Valido - Parametrizado" status="PASSED">
         <system-out><![CDATA[2023-11-20 00:25:33 - [TEST_CASE][PASSED] - Test Cases/login Valido - Parametrizado: Test Cases/login Valido - Parametrizado

2023-11-20 00:25:33 - [TEST_STEP][PASSED] - openBrowser(""): Browser is opened with url: ''

2023-11-20 00:25:33 - [MESSAGE][INFO] - Starting 'Chrome' driver

2023-11-20 00:25:33 - [MESSAGE][INFO] - Action delay is set to 0 milliseconds

2023-11-20 00:25:35 - [MESSAGE][PASSED] - Browser is opened with url: ''

2023-11-20 00:25:35 - [TEST_STEP][PASSED] - navigateToUrl(URL): Navigate to 'https://www.saucedemo.com/' successfully

2023-11-20 00:25:37 - [MESSAGE][PASSED] - Navigate to 'https://www.saucedemo.com/' successfully

2023-11-20 00:25:37 - [TEST_STEP][PASSED] - setText(findTestObject("Object Repository/Page_Swag Labs/input_Swag Labs_user-name"), username): Text 'standard_user' is set on object 'Object Repository/Page_Swag Labs/input_Swag Labs_user-name'

2023-11-20 00:25:39 - [MESSAGE][PASSED] - Text 'standard_user' is set on object 'Object Repository/Page_Swag Labs/input_Swag Labs_user-name'

2023-11-20 00:25:39 - [TEST_STEP][PASSED] - setText(findTestObject("Object Repository/Page_Swag Labs/input_Swag Labs_password"), password): Text 'secret_sauce' is set on object 'Object Repository/Page_Swag Labs/input_Swag Labs_password'

2023-11-20 00:25:40 - [MESSAGE][PASSED] - Text 'secret_sauce' is set on object 'Object Repository/Page_Swag Labs/input_Swag Labs_password'

2023-11-20 00:25:40 - [TEST_STEP][PASSED] - click(findTestObject("Object Repository/Page_Swag Labs/input_Swag Labs_login-button")): Object: 'Object Repository/Page_Swag Labs/input_Swag Labs_login-button' is clicked on

2023-11-20 00:25:40 - [MESSAGE][PASSED] - Object: 'Object Repository/Page_Swag Labs/input_Swag Labs_login-button' is clicked on

2023-11-20 00:25:40 - [TEST_STEP][PASSED] - closeBrowser(): Browser is closed

2023-11-20 00:25:41 - [MESSAGE][PASSED] - Browser is closed]]></system-out>
         <system-err><![CDATA[]]></system-err>
      </testcase>
      <testcase name="Test Cases/login Valido - Parametrizado" time="7.054" classname="Test Cases/login Valido - Parametrizado" status="PASSED">
         <system-out><![CDATA[2023-11-20 00:25:41 - [TEST_CASE][PASSED] - Test Cases/login Valido - Parametrizado: Test Cases/login Valido - Parametrizado

2023-11-20 00:25:41 - [TEST_STEP][PASSED] - openBrowser(""): Browser is opened with url: ''

2023-11-20 00:25:41 - [MESSAGE][INFO] - Starting 'Chrome' driver

2023-11-20 00:25:41 - [MESSAGE][INFO] - Action delay is set to 0 milliseconds

2023-11-20 00:25:42 - [MESSAGE][PASSED] - Browser is opened with url: ''

2023-11-20 00:25:42 - [TEST_STEP][PASSED] - navigateToUrl(URL): Navigate to 'https://www.saucedemo.com/' successfully

2023-11-20 00:25:45 - [MESSAGE][PASSED] - Navigate to 'https://www.saucedemo.com/' successfully

2023-11-20 00:25:45 - [TEST_STEP][PASSED] - setText(findTestObject("Object Repository/Page_Swag Labs/input_Swag Labs_user-name"), username): Text 'locked_out_user' is set on object 'Object Repository/Page_Swag Labs/input_Swag Labs_user-name'

2023-11-20 00:25:46 - [MESSAGE][PASSED] - Text 'locked_out_user' is set on object 'Object Repository/Page_Swag Labs/input_Swag Labs_user-name'

2023-11-20 00:25:46 - [TEST_STEP][PASSED] - setText(findTestObject("Object Repository/Page_Swag Labs/input_Swag Labs_password"), password): Text 'secret_sauce' is set on object 'Object Repository/Page_Swag Labs/input_Swag Labs_password'

2023-11-20 00:25:47 - [MESSAGE][PASSED] - Text 'secret_sauce' is set on object 'Object Repository/Page_Swag Labs/input_Swag Labs_password'

2023-11-20 00:25:47 - [TEST_STEP][PASSED] - click(findTestObject("Object Repository/Page_Swag Labs/input_Swag Labs_login-button")): Object: 'Object Repository/Page_Swag Labs/input_Swag Labs_login-button' is clicked on

2023-11-20 00:25:47 - [MESSAGE][PASSED] - Object: 'Object Repository/Page_Swag Labs/input_Swag Labs_login-button' is clicked on

2023-11-20 00:25:47 - [TEST_STEP][PASSED] - closeBrowser(): Browser is closed

2023-11-20 00:25:48 - [MESSAGE][PASSED] - Browser is closed]]></system-out>
         <system-err><![CDATA[]]></system-err>
      </testcase>
      <testcase name="Test Cases/login Valido - Parametrizado" time="7.999" classname="Test Cases/login Valido - Parametrizado" status="PASSED">
         <system-out><![CDATA[2023-11-20 00:25:48 - [TEST_CASE][PASSED] - Test Cases/login Valido - Parametrizado: Test Cases/login Valido - Parametrizado

2023-11-20 00:25:48 - [TEST_STEP][PASSED] - openBrowser(""): Browser is opened with url: ''

2023-11-20 00:25:48 - [MESSAGE][INFO] - Starting 'Chrome' driver

2023-11-20 00:25:48 - [MESSAGE][INFO] - Action delay is set to 0 milliseconds

2023-11-20 00:25:50 - [MESSAGE][PASSED] - Browser is opened with url: ''

2023-11-20 00:25:50 - [TEST_STEP][PASSED] - navigateToUrl(URL): Navigate to 'https://www.saucedemo.com/' successfully

2023-11-20 00:25:53 - [MESSAGE][PASSED] - Navigate to 'https://www.saucedemo.com/' successfully

2023-11-20 00:25:53 - [TEST_STEP][PASSED] - setText(findTestObject("Object Repository/Page_Swag Labs/input_Swag Labs_user-name"), username): Text 'problem_user' is set on object 'Object Repository/Page_Swag Labs/input_Swag Labs_user-name'

2023-11-20 00:25:54 - [MESSAGE][PASSED] - Text 'problem_user' is set on object 'Object Repository/Page_Swag Labs/input_Swag Labs_user-name'

2023-11-20 00:25:54 - [TEST_STEP][PASSED] - setText(findTestObject("Object Repository/Page_Swag Labs/input_Swag Labs_password"), password): Text 'secret_sauce' is set on object 'Object Repository/Page_Swag Labs/input_Swag Labs_password'

2023-11-20 00:25:55 - [MESSAGE][PASSED] - Text 'secret_sauce' is set on object 'Object Repository/Page_Swag Labs/input_Swag Labs_password'

2023-11-20 00:25:55 - [TEST_STEP][PASSED] - click(findTestObject("Object Repository/Page_Swag Labs/input_Swag Labs_login-button")): Object: 'Object Repository/Page_Swag Labs/input_Swag Labs_login-button' is clicked on

2023-11-20 00:25:55 - [MESSAGE][PASSED] - Object: 'Object Repository/Page_Swag Labs/input_Swag Labs_login-button' is clicked on

2023-11-20 00:25:55 - [TEST_STEP][PASSED] - closeBrowser(): Browser is closed

2023-11-20 00:25:56 - [MESSAGE][PASSED] - Browser is closed]]></system-out>
         <system-err><![CDATA[]]></system-err>
      </testcase>
      <testcase name="Test Cases/login Valido - Parametrizado" time="12.595" classname="Test Cases/login Valido - Parametrizado" status="PASSED">
         <system-out><![CDATA[2023-11-20 00:25:56 - [TEST_CASE][PASSED] - Test Cases/login Valido - Parametrizado: Test Cases/login Valido - Parametrizado

2023-11-20 00:25:56 - [TEST_STEP][PASSED] - openBrowser(""): Browser is opened with url: ''

2023-11-20 00:25:56 - [MESSAGE][INFO] - Starting 'Chrome' driver

2023-11-20 00:25:56 - [MESSAGE][INFO] - Action delay is set to 0 milliseconds

2023-11-20 00:25:58 - [MESSAGE][PASSED] - Browser is opened with url: ''

2023-11-20 00:25:58 - [TEST_STEP][PASSED] - navigateToUrl(URL): Navigate to 'https://www.saucedemo.com/' successfully

2023-11-20 00:25:59 - [MESSAGE][PASSED] - Navigate to 'https://www.saucedemo.com/' successfully

2023-11-20 00:25:59 - [TEST_STEP][PASSED] - setText(findTestObject("Object Repository/Page_Swag Labs/input_Swag Labs_user-name"), username): Text 'performance_glitch_user' is set on object 'Object Repository/Page_Swag Labs/input_Swag Labs_user-name'

2023-11-20 00:26:02 - [MESSAGE][PASSED] - Text 'performance_glitch_user' is set on object 'Object Repository/Page_Swag Labs/input_Swag Labs_user-name'

2023-11-20 00:26:02 - [TEST_STEP][PASSED] - setText(findTestObject("Object Repository/Page_Swag Labs/input_Swag Labs_password"), password): Text 'secret_sauce' is set on object 'Object Repository/Page_Swag Labs/input_Swag Labs_password'

2023-11-20 00:26:02 - [MESSAGE][PASSED] - Text 'secret_sauce' is set on object 'Object Repository/Page_Swag Labs/input_Swag Labs_password'

2023-11-20 00:26:02 - [TEST_STEP][PASSED] - click(findTestObject("Object Repository/Page_Swag Labs/input_Swag Labs_login-button")): Object: 'Object Repository/Page_Swag Labs/input_Swag Labs_login-button' is clicked on

2023-11-20 00:26:08 - [MESSAGE][PASSED] - Object: 'Object Repository/Page_Swag Labs/input_Swag Labs_login-button' is clicked on

2023-11-20 00:26:08 - [TEST_STEP][PASSED] - closeBrowser(): Browser is closed

2023-11-20 00:26:09 - [MESSAGE][PASSED] - Browser is closed]]></system-out>
         <system-err><![CDATA[]]></system-err>
      </testcase>
      <testcase name="Test Cases/login Valido - Parametrizado" time="7.561" classname="Test Cases/login Valido - Parametrizado" status="PASSED">
         <system-out><![CDATA[2023-11-20 00:26:09 - [TEST_CASE][PASSED] - Test Cases/login Valido - Parametrizado: Test Cases/login Valido - Parametrizado

2023-11-20 00:26:09 - [TEST_STEP][PASSED] - openBrowser(""): Browser is opened with url: ''

2023-11-20 00:26:09 - [MESSAGE][INFO] - Starting 'Chrome' driver

2023-11-20 00:26:09 - [MESSAGE][INFO] - Action delay is set to 0 milliseconds

2023-11-20 00:26:10 - [MESSAGE][PASSED] - Browser is opened with url: ''

2023-11-20 00:26:10 - [TEST_STEP][PASSED] - navigateToUrl(URL): Navigate to 'https://www.saucedemo.com/' successfully

2023-11-20 00:26:12 - [MESSAGE][PASSED] - Navigate to 'https://www.saucedemo.com/' successfully

2023-11-20 00:26:12 - [TEST_STEP][PASSED] - setText(findTestObject("Object Repository/Page_Swag Labs/input_Swag Labs_user-name"), username): Text 'error_user' is set on object 'Object Repository/Page_Swag Labs/input_Swag Labs_user-name'

2023-11-20 00:26:14 - [MESSAGE][PASSED] - Text 'error_user' is set on object 'Object Repository/Page_Swag Labs/input_Swag Labs_user-name'

2023-11-20 00:26:14 - [TEST_STEP][PASSED] - setText(findTestObject("Object Repository/Page_Swag Labs/input_Swag Labs_password"), password): Text 'secret_sauce' is set on object 'Object Repository/Page_Swag Labs/input_Swag Labs_password'

2023-11-20 00:26:15 - [MESSAGE][PASSED] - Text 'secret_sauce' is set on object 'Object Repository/Page_Swag Labs/input_Swag Labs_password'

2023-11-20 00:26:15 - [TEST_STEP][PASSED] - click(findTestObject("Object Repository/Page_Swag Labs/input_Swag Labs_login-button")): Object: 'Object Repository/Page_Swag Labs/input_Swag Labs_login-button' is clicked on

2023-11-20 00:26:15 - [MESSAGE][PASSED] - Object: 'Object Repository/Page_Swag Labs/input_Swag Labs_login-button' is clicked on

2023-11-20 00:26:15 - [TEST_STEP][PASSED] - closeBrowser(): Browser is closed

2023-11-20 00:26:16 - [MESSAGE][PASSED] - Browser is closed]]></system-out>
         <system-err><![CDATA[]]></system-err>
      </testcase>
      <testcase name="Test Cases/login Valido - Parametrizado" time="7.871" classname="Test Cases/login Valido - Parametrizado" status="PASSED">
         <system-out><![CDATA[2023-11-20 00:26:16 - [TEST_CASE][PASSED] - Test Cases/login Valido - Parametrizado: Test Cases/login Valido - Parametrizado

2023-11-20 00:26:16 - [TEST_STEP][PASSED] - openBrowser(""): Browser is opened with url: ''

2023-11-20 00:26:16 - [MESSAGE][INFO] - Starting 'Chrome' driver

2023-11-20 00:26:16 - [MESSAGE][INFO] - Action delay is set to 0 milliseconds

2023-11-20 00:26:18 - [MESSAGE][PASSED] - Browser is opened with url: ''

2023-11-20 00:26:18 - [TEST_STEP][PASSED] - navigateToUrl(URL): Navigate to 'https://www.saucedemo.com/' successfully

2023-11-20 00:26:21 - [MESSAGE][PASSED] - Navigate to 'https://www.saucedemo.com/' successfully

2023-11-20 00:26:21 - [TEST_STEP][PASSED] - setText(findTestObject("Object Repository/Page_Swag Labs/input_Swag Labs_user-name"), username): Text 'visual_user' is set on object 'Object Repository/Page_Swag Labs/input_Swag Labs_user-name'

2023-11-20 00:26:22 - [MESSAGE][PASSED] - Text 'visual_user' is set on object 'Object Repository/Page_Swag Labs/input_Swag Labs_user-name'

2023-11-20 00:26:22 - [TEST_STEP][PASSED] - setText(findTestObject("Object Repository/Page_Swag Labs/input_Swag Labs_password"), password): Text 'secret_sauce' is set on object 'Object Repository/Page_Swag Labs/input_Swag Labs_password'

2023-11-20 00:26:23 - [MESSAGE][PASSED] - Text 'secret_sauce' is set on object 'Object Repository/Page_Swag Labs/input_Swag Labs_password'

2023-11-20 00:26:23 - [TEST_STEP][PASSED] - click(findTestObject("Object Repository/Page_Swag Labs/input_Swag Labs_login-button")): Object: 'Object Repository/Page_Swag Labs/input_Swag Labs_login-button' is clicked on

2023-11-20 00:26:23 - [MESSAGE][PASSED] - Object: 'Object Repository/Page_Swag Labs/input_Swag Labs_login-button' is clicked on

2023-11-20 00:26:23 - [TEST_STEP][PASSED] - closeBrowser(): Browser is closed

2023-11-20 00:26:24 - [MESSAGE][PASSED] - Browser is closed]]></system-out>
         <system-err><![CDATA[]]></system-err>
      </testcase>
      <system-out><![CDATA[2023-11-20 00:23:30 - [TEST_SUITE][PASSED] - TS_TP4: Test Cases/login Valido - Parametrizado]]></system-out>
      <system-err><![CDATA[]]></system-err>
   </testsuite>
</testsuites>
