<?xml version="1.0" encoding="UTF-8"?>
<testsuites name="TS_TP4" time="85.342" tests="6" failures="0" errors="0">
   <testsuite name="TS_TP4" tests="6" failures="0" errors="0" time="85.342" skipped="0" timestamp="2023-11-19 19:13:02" hostname="mauricio - DESKTOP-95B3BCP" id="Test Suites/TS_TP4">
      <properties>
         <property name="deviceName" value=""/>
         <property name="devicePlatform" value=""/>
         <property name="logFolder" value="C:\\Users\\mauricio\\git\\TyCS-test\\Reports\\20231119_191248\\TS_TP4\\20231119_191249"/>
         <property name="logFiles" value="C:\\Users\\mauricio\\git\\TyCS-test\\Reports\\20231119_191248\\TS_TP4\\20231119_191249\\execution0.log"/>
         <property name="attachments" value=""/>
         <property name="hostName" value="mauricio - DESKTOP-95B3BCP"/>
         <property name="os" value="Windows 10 64bit"/>
         <property name="katalonVersion" value="8.6.8.208"/>
         <property name="browser" value="Chrome 119.0.0.0"/>
         <property name="hostAddress" value="192.168.1.6"/>
         <property name="sessionId" value="df4f8adee7744c14313a5cdfe360c382"/>
         <property name="seleniumVersion" value="3.141.59"/>
         <property name="proxyInformation" value="ProxyInformation { proxyOption=NO_PROXY, proxyServerType=HTTP, username=, password=********, proxyServerAddress=, proxyServerPort=0, executionList=&quot;&quot;, isApplyToDesiredCapabilities=true }"/>
         <property name="platform" value="Windows 10"/>
      </properties>
      <testcase name="Test Cases/login -logout" time="11.314" classname="Test Cases/login -logout" status="PASSED">
         <system-out><![CDATA[2023-11-19 19:13:02 - [TEST_CASE][PASSED] - Test Cases/login -logout: Test Cases/login -logout

2023-11-19 19:13:03 - [TEST_STEP][PASSED] - openBrowser(""): Browser is opened with url: ''

2023-11-19 19:13:03 - [MESSAGE][INFO] - Starting 'Chrome' driver

2023-11-19 19:13:03 - [MESSAGE][INFO] - Action delay is set to 0 milliseconds

2023-11-19 19:13:06 - [MESSAGE][PASSED] - Browser is opened with url: ''

2023-11-19 19:13:06 - [TEST_STEP][PASSED] - navigateToUrl("https://www.saucedemo.com/"): Navigate to 'https://www.saucedemo.com/' successfully

2023-11-19 19:13:09 - [MESSAGE][PASSED] - Navigate to 'https://www.saucedemo.com/' successfully

2023-11-19 19:13:09 - [TEST_STEP][PASSED] - setText(findTestObject("Object Repository/Page_Swag Labs/input_Swag Labs_user-name"), "standard_user"): Text 'standard_user' is set on object 'Object Repository/Page_Swag Labs/input_Swag Labs_user-name'

2023-11-19 19:13:11 - [MESSAGE][PASSED] - Text 'standard_user' is set on object 'Object Repository/Page_Swag Labs/input_Swag Labs_user-name'

2023-11-19 19:13:11 - [TEST_STEP][PASSED] - setEncryptedText(findTestObject("Object Repository/Page_Swag Labs/input_Swag Labs_password"), "qcu24s4901FyWDTwXGr6XA=="): Text ****** has been set on object 'Object Repository/Page_Swag Labs/input_Swag Labs_password'

2023-11-19 19:13:11 - [MESSAGE][PASSED] - Text ****** has been set on object 'Object Repository/Page_Swag Labs/input_Swag Labs_password'

2023-11-19 19:13:11 - [TEST_STEP][PASSED] - click(findTestObject("Object Repository/Page_Swag Labs/input_Swag Labs_login-button")): Object: 'Object Repository/Page_Swag Labs/input_Swag Labs_login-button' is clicked on

2023-11-19 19:13:12 - [MESSAGE][PASSED] - Object: 'Object Repository/Page_Swag Labs/input_Swag Labs_login-button' is clicked on

2023-11-19 19:13:12 - [TEST_STEP][PASSED] - click(findTestObject("Object Repository/Page_Swag Labs/button_Open Menu")): Object: 'Object Repository/Page_Swag Labs/button_Open Menu' is clicked on

2023-11-19 19:13:12 - [MESSAGE][PASSED] - Object: 'Object Repository/Page_Swag Labs/button_Open Menu' is clicked on

2023-11-19 19:13:12 - [TEST_STEP][PASSED] - click(findTestObject("Object Repository/Page_Swag Labs/a_Logout")): Object: 'Object Repository/Page_Swag Labs/a_Logout' is clicked on

2023-11-19 19:13:13 - [MESSAGE][PASSED] - Object: 'Object Repository/Page_Swag Labs/a_Logout' is clicked on

2023-11-19 19:13:13 - [TEST_STEP][PASSED] - closeBrowser(): Browser is closed

2023-11-19 19:13:13 - [MESSAGE][PASSED] - Browser is closed]]></system-out>
         <system-err><![CDATA[]]></system-err>
      </testcase>
      <testcase name="Test Cases/login no valido - clave en blanco" time="7.899" classname="Test Cases/login no valido - clave en blanco" status="PASSED">
         <system-out><![CDATA[2023-11-19 19:13:13 - [TEST_CASE][PASSED] - Test Cases/login no valido - clave en blanco: Test Cases/login no valido - clave en blanco

2023-11-19 19:13:14 - [TEST_STEP][PASSED] - openBrowser(""): Browser is opened with url: ''

2023-11-19 19:13:14 - [MESSAGE][INFO] - Starting 'Chrome' driver

2023-11-19 19:13:14 - [MESSAGE][INFO] - Action delay is set to 0 milliseconds

2023-11-19 19:13:15 - [MESSAGE][PASSED] - Browser is opened with url: ''

2023-11-19 19:13:15 - [TEST_STEP][PASSED] - navigateToUrl("https://www.saucedemo.com/"): Navigate to 'https://www.saucedemo.com/' successfully

2023-11-19 19:13:17 - [MESSAGE][PASSED] - Navigate to 'https://www.saucedemo.com/' successfully

2023-11-19 19:13:17 - [TEST_STEP][PASSED] - setText(findTestObject("Object Repository/Page_Swag Labs/input_Swag Labs_user-name"), "standard_user"): Text 'standard_user' is set on object 'Object Repository/Page_Swag Labs/input_Swag Labs_user-name'

2023-11-19 19:13:20 - [MESSAGE][PASSED] - Text 'standard_user' is set on object 'Object Repository/Page_Swag Labs/input_Swag Labs_user-name'

2023-11-19 19:13:20 - [TEST_STEP][PASSED] - click(findTestObject("Object Repository/Page_Swag Labs/input_Swag Labs_login-button")): Object: 'Object Repository/Page_Swag Labs/input_Swag Labs_login-button' is clicked on

2023-11-19 19:13:20 - [MESSAGE][PASSED] - Object: 'Object Repository/Page_Swag Labs/input_Swag Labs_login-button' is clicked on

2023-11-19 19:13:20 - [TEST_STEP][PASSED] - click(findTestObject("Object Repository/Page_Swag Labs/input_Swag Labs_login-button")): Object: 'Object Repository/Page_Swag Labs/input_Swag Labs_login-button' is clicked on

2023-11-19 19:13:20 - [MESSAGE][PASSED] - Object: 'Object Repository/Page_Swag Labs/input_Swag Labs_login-button' is clicked on

2023-11-19 19:13:20 - [TEST_STEP][PASSED] - closeBrowser(): Browser is closed

2023-11-19 19:13:21 - [MESSAGE][PASSED] - Browser is closed]]></system-out>
         <system-err><![CDATA[]]></system-err>
      </testcase>
      <testcase name="Test Cases/login no valido - clave erronea" time="38.98" classname="Test Cases/login no valido - clave erronea" status="PASSED">
         <system-out><![CDATA[2023-11-19 19:13:21 - [TEST_CASE][PASSED] - Test Cases/login no valido - clave erronea: Test Cases/login no valido - clave erronea

2023-11-19 19:13:22 - [TEST_STEP][PASSED] - openBrowser(""): Browser is opened with url: ''

2023-11-19 19:13:22 - [MESSAGE][INFO] - Starting 'Chrome' driver

2023-11-19 19:13:22 - [MESSAGE][INFO] - Action delay is set to 0 milliseconds

2023-11-19 19:13:23 - [MESSAGE][PASSED] - Browser is opened with url: ''

2023-11-19 19:13:23 - [TEST_STEP][PASSED] - navigateToUrl("https://www.saucedemo.com/"): Navigate to 'https://www.saucedemo.com/' successfully

2023-11-19 19:13:27 - [MESSAGE][PASSED] - Navigate to 'https://www.saucedemo.com/' successfully

2023-11-19 19:13:27 - [TEST_STEP][PASSED] - setText(findTestObject("Object Repository/Page_Swag Labs/input_Swag Labs_user-name"), "standard_user"): Text 'standard_user' is set on object 'Object Repository/Page_Swag Labs/input_Swag Labs_user-name'

2023-11-19 19:13:29 - [MESSAGE][PASSED] - Text 'standard_user' is set on object 'Object Repository/Page_Swag Labs/input_Swag Labs_user-name'

2023-11-19 19:13:29 - [TEST_STEP][PASSED] - setEncryptedText(findTestObject("Object Repository/Page_Swag Labs/input_Swag Labs_password"), "aeHFOx8jV/A="): Text ****** has been set on object 'Object Repository/Page_Swag Labs/input_Swag Labs_password'

2023-11-19 19:13:29 - [MESSAGE][PASSED] - Text ****** has been set on object 'Object Repository/Page_Swag Labs/input_Swag Labs_password'

2023-11-19 19:13:29 - [TEST_STEP][PASSED] - click(findTestObject("Object Repository/Page_Swag Labs/input_Swag Labs_login-button")): Object: 'Object Repository/Page_Swag Labs/input_Swag Labs_login-button' is clicked on

2023-11-19 19:13:29 - [MESSAGE][PASSED] - Object: 'Object Repository/Page_Swag Labs/input_Swag Labs_login-button' is clicked on

2023-11-19 19:13:29 - [TEST_STEP][PASSED] - click(findTestObject("Object Repository/Page_Swag Labs/input_Swag Labs_login-button")): Object: 'Object Repository/Page_Swag Labs/input_Swag Labs_login-button' is clicked on

2023-11-19 19:14:00 - [MESSAGE][PASSED] - Object: 'Object Repository/Page_Swag Labs/input_Swag Labs_login-button' is clicked on

2023-11-19 19:14:00 - [TEST_STEP][PASSED] - closeBrowser(): Browser is closed

2023-11-19 19:14:00 - [MESSAGE][PASSED] - Browser is closed]]></system-out>
         <system-err><![CDATA[]]></system-err>
      </testcase>
      <testcase name="Test Cases/login no Valido - usuario erroneo - verify Element no present" time="9.066" classname="Test Cases/login no Valido - usuario erroneo - verify Element no present" status="PASSED">
         <system-out><![CDATA[2023-11-19 19:14:00 - [TEST_CASE][PASSED] - Test Cases/login no Valido - usuario erroneo - verify Element no present: Test Cases/login no Valido - usuario erroneo - verify Element no present

2023-11-19 19:14:01 - [TEST_STEP][PASSED] - openBrowser(""): Browser is opened with url: ''

2023-11-19 19:14:01 - [MESSAGE][INFO] - Starting 'Chrome' driver

2023-11-19 19:14:01 - [MESSAGE][INFO] - Action delay is set to 0 milliseconds

2023-11-19 19:14:03 - [MESSAGE][PASSED] - Browser is opened with url: ''

2023-11-19 19:14:03 - [TEST_STEP][PASSED] - navigateToUrl("https://www.saucedemo.com/"): Navigate to 'https://www.saucedemo.com/' successfully

2023-11-19 19:14:05 - [MESSAGE][PASSED] - Navigate to 'https://www.saucedemo.com/' successfully

2023-11-19 19:14:05 - [TEST_STEP][PASSED] - setText(findTestObject("Object Repository/Page_Swag Labs/input_Swag Labs_user-name"), "standard_user"): Text 'standard_user' is set on object 'Object Repository/Page_Swag Labs/input_Swag Labs_user-name'

2023-11-19 19:14:07 - [MESSAGE][PASSED] - Text 'standard_user' is set on object 'Object Repository/Page_Swag Labs/input_Swag Labs_user-name'

2023-11-19 19:14:07 - [TEST_STEP][PASSED] - setEncryptedText(findTestObject("Object Repository/Page_Swag Labs/input_Swag Labs_password"), "qcu24s4901FyWDTwXGr6XA=="): Text ****** has been set on object 'Object Repository/Page_Swag Labs/input_Swag Labs_password'

2023-11-19 19:14:07 - [MESSAGE][PASSED] - Text ****** has been set on object 'Object Repository/Page_Swag Labs/input_Swag Labs_password'

2023-11-19 19:14:07 - [TEST_STEP][PASSED] - click(findTestObject("Object Repository/Page_Swag Labs/input_Swag Labs_login-button")): Object: 'Object Repository/Page_Swag Labs/input_Swag Labs_login-button' is clicked on

2023-11-19 19:14:08 - [MESSAGE][PASSED] - Object: 'Object Repository/Page_Swag Labs/input_Swag Labs_login-button' is clicked on

2023-11-19 19:14:08 - [TEST_STEP][PASSED] - verifyElementNotPresent(findTestObject("Page_Swag Labs/input_Swag Labs_login-button"), 5): Web element with id: 'Object Repository/Page_Swag Labs/input_Swag Labs_login-button' located by 'By.xpath: //input[@id='login-button']' is not present after '5' second(s)

2023-11-19 19:14:09 - [MESSAGE][PASSED] - Web element with id: 'Object Repository/Page_Swag Labs/input_Swag Labs_login-button' located by 'By.xpath: //input[@id='login-button']' is not present after '5' second(s)

2023-11-19 19:14:09 - [TEST_STEP][PASSED] - closeBrowser(): Browser is closed

2023-11-19 19:14:10 - [MESSAGE][PASSED] - Browser is closed]]></system-out>
         <system-err><![CDATA[]]></system-err>
      </testcase>
      <testcase name="Test Cases/login no Valido - usuario incorrecto" time="8.307" classname="Test Cases/login no Valido - usuario incorrecto" status="PASSED">
         <system-out><![CDATA[2023-11-19 19:14:10 - [TEST_CASE][PASSED] - Test Cases/login no Valido - usuario incorrecto: Test Cases/login no Valido - usuario incorrecto

2023-11-19 19:14:10 - [TEST_STEP][PASSED] - openBrowser(""): Browser is opened with url: ''

2023-11-19 19:14:10 - [MESSAGE][INFO] - Starting 'Chrome' driver

2023-11-19 19:14:10 - [MESSAGE][INFO] - Action delay is set to 0 milliseconds

2023-11-19 19:14:12 - [MESSAGE][PASSED] - Browser is opened with url: ''

2023-11-19 19:14:12 - [TEST_STEP][PASSED] - navigateToUrl("https://www.saucedemo.com/"): Navigate to 'https://www.saucedemo.com/' successfully

2023-11-19 19:14:14 - [MESSAGE][PASSED] - Navigate to 'https://www.saucedemo.com/' successfully

2023-11-19 19:14:14 - [TEST_STEP][PASSED] - setText(findTestObject("Object Repository/Page_Swag Labs/input_Swag Labs_user-name"), "standard_user2"): Text 'standard_user2' is set on object 'Object Repository/Page_Swag Labs/input_Swag Labs_user-name'

2023-11-19 19:14:16 - [MESSAGE][PASSED] - Text 'standard_user2' is set on object 'Object Repository/Page_Swag Labs/input_Swag Labs_user-name'

2023-11-19 19:14:16 - [TEST_STEP][PASSED] - setEncryptedText(findTestObject("Object Repository/Page_Swag Labs/input_Swag Labs_password"), "qcu24s4901FyWDTwXGr6XA=="): Text ****** has been set on object 'Object Repository/Page_Swag Labs/input_Swag Labs_password'

2023-11-19 19:14:16 - [MESSAGE][PASSED] - Text ****** has been set on object 'Object Repository/Page_Swag Labs/input_Swag Labs_password'

2023-11-19 19:14:16 - [TEST_STEP][PASSED] - click(findTestObject("Object Repository/Page_Swag Labs/input_Swag Labs_login-button")): Object: 'Object Repository/Page_Swag Labs/input_Swag Labs_login-button' is clicked on

2023-11-19 19:14:17 - [MESSAGE][PASSED] - Object: 'Object Repository/Page_Swag Labs/input_Swag Labs_login-button' is clicked on

2023-11-19 19:14:17 - [TEST_STEP][PASSED] - closeBrowser(): Browser is closed

2023-11-19 19:14:18 - [MESSAGE][PASSED] - Browser is closed]]></system-out>
         <system-err><![CDATA[]]></system-err>
      </testcase>
      <testcase name="Test Cases/login Valido" time="9.154" classname="Test Cases/login Valido" status="PASSED">
         <system-out><![CDATA[2023-11-19 19:14:18 - [TEST_CASE][PASSED] - Test Cases/login Valido: Test Cases/login Valido

2023-11-19 19:14:18 - [TEST_STEP][PASSED] - openBrowser(""): Browser is opened with url: ''

2023-11-19 19:14:18 - [MESSAGE][INFO] - Starting 'Chrome' driver

2023-11-19 19:14:18 - [MESSAGE][INFO] - Action delay is set to 0 milliseconds

2023-11-19 19:14:20 - [MESSAGE][PASSED] - Browser is opened with url: ''

2023-11-19 19:14:20 - [TEST_STEP][PASSED] - navigateToUrl("https://www.saucedemo.com/"): Navigate to 'https://www.saucedemo.com/' successfully

2023-11-19 19:14:24 - [MESSAGE][PASSED] - Navigate to 'https://www.saucedemo.com/' successfully

2023-11-19 19:14:24 - [TEST_STEP][PASSED] - setText(findTestObject("Object Repository/Page_Swag Labs/input_Swag Labs_user-name"), "standard_user"): Text 'standard_user' is set on object 'Object Repository/Page_Swag Labs/input_Swag Labs_user-name'

2023-11-19 19:14:25 - [MESSAGE][PASSED] - Text 'standard_user' is set on object 'Object Repository/Page_Swag Labs/input_Swag Labs_user-name'

2023-11-19 19:14:25 - [TEST_STEP][PASSED] - setEncryptedText(findTestObject("Object Repository/Page_Swag Labs/input_Swag Labs_password"), "qcu24s4901FyWDTwXGr6XA=="): Text ****** has been set on object 'Object Repository/Page_Swag Labs/input_Swag Labs_password'

2023-11-19 19:14:26 - [MESSAGE][PASSED] - Text ****** has been set on object 'Object Repository/Page_Swag Labs/input_Swag Labs_password'

2023-11-19 19:14:26 - [TEST_STEP][PASSED] - click(findTestObject("Object Repository/Page_Swag Labs/input_Swag Labs_login-button")): Object: 'Object Repository/Page_Swag Labs/input_Swag Labs_login-button' is clicked on

2023-11-19 19:14:26 - [MESSAGE][PASSED] - Object: 'Object Repository/Page_Swag Labs/input_Swag Labs_login-button' is clicked on

2023-11-19 19:14:26 - [TEST_STEP][PASSED] - closeBrowser(): Browser is closed

2023-11-19 19:14:27 - [MESSAGE][PASSED] - Browser is closed]]></system-out>
         <system-err><![CDATA[]]></system-err>
      </testcase>
      <system-out><![CDATA[2023-11-19 19:13:02 - [TEST_SUITE][PASSED] - TS_TP4: Test Cases/login Valido]]></system-out>
      <system-err><![CDATA[]]></system-err>
   </testsuite>
</testsuites>
