<?xml version="1.0" encoding="UTF-8"?>
<testsuites name="TS_TP4" time="110.732" tests="6" failures="0" errors="0">
   <testsuite name="TS_TP4" tests="6" failures="0" errors="0" time="110.732" skipped="0" timestamp="2023-11-19 19:14:31" hostname="mauricio - DESKTOP-95B3BCP" id="Test Suites/TS_TP4">
      <properties>
         <property name="deviceName" value=""/>
         <property name="devicePlatform" value=""/>
         <property name="logFolder" value="C:\\Users\\mauricio\\git\\TyCS-test\\Reports\\20231119_191248\\TS_TP4\\20231119_191251"/>
         <property name="logFiles" value="C:\\Users\\mauricio\\git\\TyCS-test\\Reports\\20231119_191248\\TS_TP4\\20231119_191251\\execution0.log"/>
         <property name="attachments" value=""/>
         <property name="hostName" value="mauricio - DESKTOP-95B3BCP"/>
         <property name="os" value="Windows 10 64bit"/>
         <property name="katalonVersion" value="8.6.8.208"/>
         <property name="browser" value="Firefox 116.0"/>
         <property name="hostAddress" value="192.168.1.6"/>
         <property name="sessionId" value="f05bcb0e-fb6e-463a-8158-dbda5aff5915"/>
         <property name="seleniumVersion" value="3.141.59"/>
         <property name="proxyInformation" value="ProxyInformation { proxyOption=NO_PROXY, proxyServerType=HTTP, username=, password=********, proxyServerAddress=, proxyServerPort=0, executionList=&quot;&quot;, isApplyToDesiredCapabilities=true }"/>
         <property name="platform" value="Windows 10"/>
      </properties>
      <testcase name="Test Cases/login -logout" time="27.986" classname="Test Cases/login -logout" status="PASSED">
         <system-out><![CDATA[2023-11-19 19:14:31 - [TEST_CASE][PASSED] - Test Cases/login -logout: Test Cases/login -logout

2023-11-19 19:14:32 - [TEST_STEP][PASSED] - openBrowser(""): Browser is opened with url: ''

2023-11-19 19:14:32 - [MESSAGE][INFO] - Starting 'Firefox' driver

2023-11-19 19:14:32 - [MESSAGE][INFO] - Action delay is set to 0 milliseconds

2023-11-19 19:14:50 - [MESSAGE][PASSED] - Browser is opened with url: ''

2023-11-19 19:14:50 - [TEST_STEP][PASSED] - navigateToUrl("https://www.saucedemo.com/"): Navigate to 'https://www.saucedemo.com/' successfully

2023-11-19 19:14:52 - [MESSAGE][PASSED] - Navigate to 'https://www.saucedemo.com/' successfully

2023-11-19 19:14:52 - [TEST_STEP][PASSED] - setText(findTestObject("Object Repository/Page_Swag Labs/input_Swag Labs_user-name"), "standard_user"): Text 'standard_user' is set on object 'Object Repository/Page_Swag Labs/input_Swag Labs_user-name'

2023-11-19 19:14:54 - [MESSAGE][PASSED] - Text 'standard_user' is set on object 'Object Repository/Page_Swag Labs/input_Swag Labs_user-name'

2023-11-19 19:14:54 - [TEST_STEP][PASSED] - setEncryptedText(findTestObject("Object Repository/Page_Swag Labs/input_Swag Labs_password"), "qcu24s4901FyWDTwXGr6XA=="): Text ****** has been set on object 'Object Repository/Page_Swag Labs/input_Swag Labs_password'

2023-11-19 19:14:54 - [MESSAGE][PASSED] - Text ****** has been set on object 'Object Repository/Page_Swag Labs/input_Swag Labs_password'

2023-11-19 19:14:54 - [TEST_STEP][PASSED] - click(findTestObject("Object Repository/Page_Swag Labs/input_Swag Labs_login-button")): Object: 'Object Repository/Page_Swag Labs/input_Swag Labs_login-button' is clicked on

2023-11-19 19:14:55 - [MESSAGE][PASSED] - Object: 'Object Repository/Page_Swag Labs/input_Swag Labs_login-button' is clicked on

2023-11-19 19:14:55 - [TEST_STEP][PASSED] - click(findTestObject("Object Repository/Page_Swag Labs/button_Open Menu")): Object: 'Object Repository/Page_Swag Labs/button_Open Menu' is clicked on

2023-11-19 19:14:56 - [MESSAGE][PASSED] - Object: 'Object Repository/Page_Swag Labs/button_Open Menu' is clicked on

2023-11-19 19:14:56 - [TEST_STEP][PASSED] - click(findTestObject("Object Repository/Page_Swag Labs/a_Logout")): Object: 'Object Repository/Page_Swag Labs/a_Logout' is clicked on

2023-11-19 19:14:57 - [MESSAGE][PASSED] - Object: 'Object Repository/Page_Swag Labs/a_Logout' is clicked on

2023-11-19 19:14:57 - [TEST_STEP][PASSED] - closeBrowser(): Browser is closed

2023-11-19 19:14:59 - [MESSAGE][PASSED] - Browser is closed]]></system-out>
         <system-err><![CDATA[]]></system-err>
      </testcase>
      <testcase name="Test Cases/login no valido - clave en blanco" time="14.836" classname="Test Cases/login no valido - clave en blanco" status="PASSED">
         <system-out><![CDATA[2023-11-19 19:14:59 - [TEST_CASE][PASSED] - Test Cases/login no valido - clave en blanco: Test Cases/login no valido - clave en blanco

2023-11-19 19:15:00 - [TEST_STEP][PASSED] - openBrowser(""): Browser is opened with url: ''

2023-11-19 19:15:00 - [MESSAGE][INFO] - Starting 'Firefox' driver

2023-11-19 19:15:00 - [MESSAGE][INFO] - Action delay is set to 0 milliseconds

2023-11-19 19:15:04 - [MESSAGE][PASSED] - Browser is opened with url: ''

2023-11-19 19:15:04 - [TEST_STEP][PASSED] - navigateToUrl("https://www.saucedemo.com/"): Navigate to 'https://www.saucedemo.com/' successfully

2023-11-19 19:15:08 - [MESSAGE][PASSED] - Navigate to 'https://www.saucedemo.com/' successfully

2023-11-19 19:15:08 - [TEST_STEP][PASSED] - setText(findTestObject("Object Repository/Page_Swag Labs/input_Swag Labs_user-name"), "standard_user"): Text 'standard_user' is set on object 'Object Repository/Page_Swag Labs/input_Swag Labs_user-name'

2023-11-19 19:15:10 - [MESSAGE][PASSED] - Text 'standard_user' is set on object 'Object Repository/Page_Swag Labs/input_Swag Labs_user-name'

2023-11-19 19:15:10 - [TEST_STEP][PASSED] - click(findTestObject("Object Repository/Page_Swag Labs/input_Swag Labs_login-button")): Object: 'Object Repository/Page_Swag Labs/input_Swag Labs_login-button' is clicked on

2023-11-19 19:15:11 - [MESSAGE][PASSED] - Object: 'Object Repository/Page_Swag Labs/input_Swag Labs_login-button' is clicked on

2023-11-19 19:15:11 - [TEST_STEP][PASSED] - click(findTestObject("Object Repository/Page_Swag Labs/input_Swag Labs_login-button")): Object: 'Object Repository/Page_Swag Labs/input_Swag Labs_login-button' is clicked on

2023-11-19 19:15:11 - [MESSAGE][PASSED] - Object: 'Object Repository/Page_Swag Labs/input_Swag Labs_login-button' is clicked on

2023-11-19 19:15:11 - [TEST_STEP][PASSED] - closeBrowser(): Browser is closed

2023-11-19 19:15:14 - [MESSAGE][PASSED] - Browser is closed]]></system-out>
         <system-err><![CDATA[]]></system-err>
      </testcase>
      <testcase name="Test Cases/login no valido - clave erronea" time="24.179" classname="Test Cases/login no valido - clave erronea" status="PASSED">
         <system-out><![CDATA[2023-11-19 19:15:14 - [TEST_CASE][PASSED] - Test Cases/login no valido - clave erronea: Test Cases/login no valido - clave erronea

2023-11-19 19:15:14 - [TEST_STEP][PASSED] - openBrowser(""): Browser is opened with url: ''

2023-11-19 19:15:14 - [MESSAGE][INFO] - Starting 'Firefox' driver

2023-11-19 19:15:14 - [MESSAGE][INFO] - Action delay is set to 0 milliseconds

2023-11-19 19:15:20 - [MESSAGE][PASSED] - Browser is opened with url: ''

2023-11-19 19:15:20 - [TEST_STEP][PASSED] - navigateToUrl("https://www.saucedemo.com/"): Navigate to 'https://www.saucedemo.com/' successfully

2023-11-19 19:15:23 - [MESSAGE][PASSED] - Navigate to 'https://www.saucedemo.com/' successfully

2023-11-19 19:15:23 - [TEST_STEP][PASSED] - setText(findTestObject("Object Repository/Page_Swag Labs/input_Swag Labs_user-name"), "standard_user"): Text 'standard_user' is set on object 'Object Repository/Page_Swag Labs/input_Swag Labs_user-name'

2023-11-19 19:15:25 - [MESSAGE][PASSED] - Text 'standard_user' is set on object 'Object Repository/Page_Swag Labs/input_Swag Labs_user-name'

2023-11-19 19:15:25 - [TEST_STEP][PASSED] - setEncryptedText(findTestObject("Object Repository/Page_Swag Labs/input_Swag Labs_password"), "aeHFOx8jV/A="): Text ****** has been set on object 'Object Repository/Page_Swag Labs/input_Swag Labs_password'

2023-11-19 19:15:25 - [MESSAGE][PASSED] - Text ****** has been set on object 'Object Repository/Page_Swag Labs/input_Swag Labs_password'

2023-11-19 19:15:25 - [TEST_STEP][PASSED] - click(findTestObject("Object Repository/Page_Swag Labs/input_Swag Labs_login-button")): Object: 'Object Repository/Page_Swag Labs/input_Swag Labs_login-button' is clicked on

2023-11-19 19:15:26 - [MESSAGE][PASSED] - Object: 'Object Repository/Page_Swag Labs/input_Swag Labs_login-button' is clicked on

2023-11-19 19:15:26 - [TEST_STEP][PASSED] - click(findTestObject("Object Repository/Page_Swag Labs/input_Swag Labs_login-button")): Object: 'Object Repository/Page_Swag Labs/input_Swag Labs_login-button' is clicked on

2023-11-19 19:15:36 - [MESSAGE][PASSED] - Object: 'Object Repository/Page_Swag Labs/input_Swag Labs_login-button' is clicked on

2023-11-19 19:15:36 - [TEST_STEP][PASSED] - closeBrowser(): Browser is closed

2023-11-19 19:15:38 - [MESSAGE][PASSED] - Browser is closed]]></system-out>
         <system-err><![CDATA[]]></system-err>
      </testcase>
      <testcase name="Test Cases/login no Valido - usuario erroneo - verify Element no present" time="15.015" classname="Test Cases/login no Valido - usuario erroneo - verify Element no present" status="PASSED">
         <system-out><![CDATA[2023-11-19 19:15:38 - [TEST_CASE][PASSED] - Test Cases/login no Valido - usuario erroneo - verify Element no present: Test Cases/login no Valido - usuario erroneo - verify Element no present

2023-11-19 19:15:39 - [TEST_STEP][PASSED] - openBrowser(""): Browser is opened with url: ''

2023-11-19 19:15:39 - [MESSAGE][INFO] - Starting 'Firefox' driver

2023-11-19 19:15:39 - [MESSAGE][INFO] - Action delay is set to 0 milliseconds

2023-11-19 19:15:43 - [MESSAGE][PASSED] - Browser is opened with url: ''

2023-11-19 19:15:43 - [TEST_STEP][PASSED] - navigateToUrl("https://www.saucedemo.com/"): Navigate to 'https://www.saucedemo.com/' successfully

2023-11-19 19:15:47 - [MESSAGE][PASSED] - Navigate to 'https://www.saucedemo.com/' successfully

2023-11-19 19:15:47 - [TEST_STEP][PASSED] - setText(findTestObject("Object Repository/Page_Swag Labs/input_Swag Labs_user-name"), "standard_user"): Text 'standard_user' is set on object 'Object Repository/Page_Swag Labs/input_Swag Labs_user-name'

2023-11-19 19:15:49 - [MESSAGE][PASSED] - Text 'standard_user' is set on object 'Object Repository/Page_Swag Labs/input_Swag Labs_user-name'

2023-11-19 19:15:49 - [TEST_STEP][PASSED] - setEncryptedText(findTestObject("Object Repository/Page_Swag Labs/input_Swag Labs_password"), "qcu24s4901FyWDTwXGr6XA=="): Text ****** has been set on object 'Object Repository/Page_Swag Labs/input_Swag Labs_password'

2023-11-19 19:15:49 - [MESSAGE][PASSED] - Text ****** has been set on object 'Object Repository/Page_Swag Labs/input_Swag Labs_password'

2023-11-19 19:15:49 - [TEST_STEP][PASSED] - click(findTestObject("Object Repository/Page_Swag Labs/input_Swag Labs_login-button")): Object: 'Object Repository/Page_Swag Labs/input_Swag Labs_login-button' is clicked on

2023-11-19 19:15:50 - [MESSAGE][PASSED] - Object: 'Object Repository/Page_Swag Labs/input_Swag Labs_login-button' is clicked on

2023-11-19 19:15:50 - [TEST_STEP][PASSED] - verifyElementNotPresent(findTestObject("Page_Swag Labs/input_Swag Labs_login-button"), 5): Web element with id: 'Object Repository/Page_Swag Labs/input_Swag Labs_login-button' located by 'By.xpath: //input[@id='login-button']' is not present after '5' second(s)

2023-11-19 19:15:51 - [MESSAGE][PASSED] - Web element with id: 'Object Repository/Page_Swag Labs/input_Swag Labs_login-button' located by 'By.xpath: //input[@id='login-button']' is not present after '5' second(s)

2023-11-19 19:15:51 - [TEST_STEP][PASSED] - closeBrowser(): Browser is closed

2023-11-19 19:15:53 - [MESSAGE][PASSED] - Browser is closed]]></system-out>
         <system-err><![CDATA[]]></system-err>
      </testcase>
      <testcase name="Test Cases/login no Valido - usuario incorrecto" time="13.541" classname="Test Cases/login no Valido - usuario incorrecto" status="PASSED">
         <system-out><![CDATA[2023-11-19 19:15:53 - [TEST_CASE][PASSED] - Test Cases/login no Valido - usuario incorrecto: Test Cases/login no Valido - usuario incorrecto

2023-11-19 19:15:54 - [TEST_STEP][PASSED] - openBrowser(""): Browser is opened with url: ''

2023-11-19 19:15:54 - [MESSAGE][INFO] - Starting 'Firefox' driver

2023-11-19 19:15:54 - [MESSAGE][INFO] - Action delay is set to 0 milliseconds

2023-11-19 19:15:59 - [MESSAGE][PASSED] - Browser is opened with url: ''

2023-11-19 19:15:59 - [TEST_STEP][PASSED] - navigateToUrl("https://www.saucedemo.com/"): Navigate to 'https://www.saucedemo.com/' successfully

2023-11-19 19:16:02 - [MESSAGE][PASSED] - Navigate to 'https://www.saucedemo.com/' successfully

2023-11-19 19:16:02 - [TEST_STEP][PASSED] - setText(findTestObject("Object Repository/Page_Swag Labs/input_Swag Labs_user-name"), "standard_user2"): Text 'standard_user2' is set on object 'Object Repository/Page_Swag Labs/input_Swag Labs_user-name'

2023-11-19 19:16:03 - [MESSAGE][PASSED] - Text 'standard_user2' is set on object 'Object Repository/Page_Swag Labs/input_Swag Labs_user-name'

2023-11-19 19:16:03 - [TEST_STEP][PASSED] - setEncryptedText(findTestObject("Object Repository/Page_Swag Labs/input_Swag Labs_password"), "qcu24s4901FyWDTwXGr6XA=="): Text ****** has been set on object 'Object Repository/Page_Swag Labs/input_Swag Labs_password'

2023-11-19 19:16:03 - [MESSAGE][PASSED] - Text ****** has been set on object 'Object Repository/Page_Swag Labs/input_Swag Labs_password'

2023-11-19 19:16:03 - [TEST_STEP][PASSED] - click(findTestObject("Object Repository/Page_Swag Labs/input_Swag Labs_login-button")): Object: 'Object Repository/Page_Swag Labs/input_Swag Labs_login-button' is clicked on

2023-11-19 19:16:04 - [MESSAGE][PASSED] - Object: 'Object Repository/Page_Swag Labs/input_Swag Labs_login-button' is clicked on

2023-11-19 19:16:04 - [TEST_STEP][PASSED] - closeBrowser(): Browser is closed

2023-11-19 19:16:07 - [MESSAGE][PASSED] - Browser is closed]]></system-out>
         <system-err><![CDATA[]]></system-err>
      </testcase>
      <testcase name="Test Cases/login Valido" time="14.846" classname="Test Cases/login Valido" status="PASSED">
         <system-out><![CDATA[2023-11-19 19:16:07 - [TEST_CASE][PASSED] - Test Cases/login Valido: Test Cases/login Valido

2023-11-19 19:16:07 - [TEST_STEP][PASSED] - openBrowser(""): Browser is opened with url: ''

2023-11-19 19:16:07 - [MESSAGE][INFO] - Starting 'Firefox' driver

2023-11-19 19:16:07 - [MESSAGE][INFO] - Action delay is set to 0 milliseconds

2023-11-19 19:16:12 - [MESSAGE][PASSED] - Browser is opened with url: ''

2023-11-19 19:16:12 - [TEST_STEP][PASSED] - navigateToUrl("https://www.saucedemo.com/"): Navigate to 'https://www.saucedemo.com/' successfully

2023-11-19 19:16:16 - [MESSAGE][PASSED] - Navigate to 'https://www.saucedemo.com/' successfully

2023-11-19 19:16:16 - [TEST_STEP][PASSED] - setText(findTestObject("Object Repository/Page_Swag Labs/input_Swag Labs_user-name"), "standard_user"): Text 'standard_user' is set on object 'Object Repository/Page_Swag Labs/input_Swag Labs_user-name'

2023-11-19 19:16:17 - [MESSAGE][PASSED] - Text 'standard_user' is set on object 'Object Repository/Page_Swag Labs/input_Swag Labs_user-name'

2023-11-19 19:16:17 - [TEST_STEP][PASSED] - setEncryptedText(findTestObject("Object Repository/Page_Swag Labs/input_Swag Labs_password"), "qcu24s4901FyWDTwXGr6XA=="): Text ****** has been set on object 'Object Repository/Page_Swag Labs/input_Swag Labs_password'

2023-11-19 19:16:18 - [MESSAGE][PASSED] - Text ****** has been set on object 'Object Repository/Page_Swag Labs/input_Swag Labs_password'

2023-11-19 19:16:18 - [TEST_STEP][PASSED] - click(findTestObject("Object Repository/Page_Swag Labs/input_Swag Labs_login-button")): Object: 'Object Repository/Page_Swag Labs/input_Swag Labs_login-button' is clicked on

2023-11-19 19:16:18 - [MESSAGE][PASSED] - Object: 'Object Repository/Page_Swag Labs/input_Swag Labs_login-button' is clicked on

2023-11-19 19:16:19 - [TEST_STEP][PASSED] - closeBrowser(): Browser is closed

2023-11-19 19:16:22 - [MESSAGE][PASSED] - Browser is closed]]></system-out>
         <system-err><![CDATA[]]></system-err>
      </testcase>
      <system-out><![CDATA[2023-11-19 19:14:31 - [TEST_SUITE][PASSED] - TS_TP4: Test Cases/login Valido]]></system-out>
      <system-err><![CDATA[]]></system-err>
   </testsuite>
</testsuites>
