<?xml version="1.0" encoding="UTF-8"?>
<testsuites name="TS_TP4" time="96.911" tests="9" failures="0" errors="0">
   <testsuite name="TS_TP4" tests="9" failures="0" errors="0" time="96.911" skipped="0" timestamp="2023-11-19 23:44:36" hostname="mauricio - DESKTOP-95B3BCP" id="Test Suites/TS_TP4">
      <properties>
         <property name="deviceName" value=""/>
         <property name="devicePlatform" value=""/>
         <property name="logFolder" value="C:\\Users\\mauricio\\git\\TyCS-test\\Reports\\20231119_234428\\TS_TP4\\20231119_234428"/>
         <property name="logFiles" value="C:\\Users\\mauricio\\git\\TyCS-test\\Reports\\20231119_234428\\TS_TP4\\20231119_234428\\execution0.log"/>
         <property name="attachments" value=""/>
         <property name="hostName" value="mauricio - DESKTOP-95B3BCP"/>
         <property name="os" value="Windows 10 64bit"/>
         <property name="katalonVersion" value="8.6.8.208"/>
         <property name="browser" value="Chrome 119.0.0.0"/>
         <property name="hostAddress" value="192.168.1.6"/>
         <property name="sessionId" value="6eaa8837fd60845103859c6ff6868fde"/>
         <property name="seleniumVersion" value="3.141.59"/>
         <property name="proxyInformation" value="ProxyInformation { proxyOption=NO_PROXY, proxyServerType=HTTP, username=, password=********, proxyServerAddress=, proxyServerPort=0, executionList=&quot;&quot;, isApplyToDesiredCapabilities=true }"/>
         <property name="platform" value="Windows 10"/>
      </properties>
      <testcase name="Test Cases/login -logout" time="11.72" classname="Test Cases/login -logout" status="PASSED">
         <system-out><![CDATA[2023-11-19 23:44:36 - [TEST_CASE][PASSED] - Test Cases/login -logout: Test Cases/login -logout

2023-11-19 23:44:37 - [TEST_STEP][PASSED] - openBrowser(""): Browser is opened with url: ''

2023-11-19 23:44:37 - [MESSAGE][INFO] - Starting 'Chrome' driver

2023-11-19 23:44:37 - [MESSAGE][INFO] - Action delay is set to 0 milliseconds

2023-11-19 23:44:40 - [MESSAGE][PASSED] - Browser is opened with url: ''

2023-11-19 23:44:40 - [TEST_STEP][PASSED] - navigateToUrl("https://www.saucedemo.com/"): Navigate to 'https://www.saucedemo.com/' successfully

2023-11-19 23:44:43 - [MESSAGE][PASSED] - Navigate to 'https://www.saucedemo.com/' successfully

2023-11-19 23:44:43 - [TEST_STEP][PASSED] - setText(findTestObject("Object Repository/Page_Swag Labs/input_Swag Labs_user-name"), "standard_user"): Text 'standard_user' is set on object 'Object Repository/Page_Swag Labs/input_Swag Labs_user-name'

2023-11-19 23:44:45 - [MESSAGE][PASSED] - Text 'standard_user' is set on object 'Object Repository/Page_Swag Labs/input_Swag Labs_user-name'

2023-11-19 23:44:45 - [TEST_STEP][PASSED] - setEncryptedText(findTestObject("Object Repository/Page_Swag Labs/input_Swag Labs_password"), "qcu24s4901FyWDTwXGr6XA=="): Text ****** has been set on object 'Object Repository/Page_Swag Labs/input_Swag Labs_password'

2023-11-19 23:44:45 - [MESSAGE][PASSED] - Text ****** has been set on object 'Object Repository/Page_Swag Labs/input_Swag Labs_password'

2023-11-19 23:44:45 - [TEST_STEP][PASSED] - click(findTestObject("Object Repository/Page_Swag Labs/input_Swag Labs_login-button")): Object: 'Object Repository/Page_Swag Labs/input_Swag Labs_login-button' is clicked on

2023-11-19 23:44:46 - [MESSAGE][PASSED] - Object: 'Object Repository/Page_Swag Labs/input_Swag Labs_login-button' is clicked on

2023-11-19 23:44:46 - [TEST_STEP][PASSED] - click(findTestObject("Object Repository/Page_Swag Labs/button_Open Menu")): Object: 'Object Repository/Page_Swag Labs/button_Open Menu' is clicked on

2023-11-19 23:44:46 - [MESSAGE][PASSED] - Object: 'Object Repository/Page_Swag Labs/button_Open Menu' is clicked on

2023-11-19 23:44:46 - [TEST_STEP][PASSED] - click(findTestObject("Object Repository/Page_Swag Labs/a_Logout")): Object: 'Object Repository/Page_Swag Labs/a_Logout' is clicked on

2023-11-19 23:44:47 - [MESSAGE][PASSED] - Object: 'Object Repository/Page_Swag Labs/a_Logout' is clicked on

2023-11-19 23:44:47 - [TEST_STEP][PASSED] - closeBrowser(): Browser is closed

2023-11-19 23:44:48 - [MESSAGE][PASSED] - Browser is closed]]></system-out>
         <system-err><![CDATA[]]></system-err>
      </testcase>
      <testcase name="Test Cases/login no valido - clave en blanco" time="7.932" classname="Test Cases/login no valido - clave en blanco" status="PASSED">
         <system-out><![CDATA[2023-11-19 23:44:48 - [TEST_CASE][PASSED] - Test Cases/login no valido - clave en blanco: Test Cases/login no valido - clave en blanco

2023-11-19 23:44:48 - [TEST_STEP][PASSED] - openBrowser(""): Browser is opened with url: ''

2023-11-19 23:44:48 - [MESSAGE][INFO] - Starting 'Chrome' driver

2023-11-19 23:44:48 - [MESSAGE][INFO] - Action delay is set to 0 milliseconds

2023-11-19 23:44:50 - [MESSAGE][PASSED] - Browser is opened with url: ''

2023-11-19 23:44:50 - [TEST_STEP][PASSED] - navigateToUrl("https://www.saucedemo.com/"): Navigate to 'https://www.saucedemo.com/' successfully

2023-11-19 23:44:53 - [MESSAGE][PASSED] - Navigate to 'https://www.saucedemo.com/' successfully

2023-11-19 23:44:53 - [TEST_STEP][PASSED] - setText(findTestObject("Object Repository/Page_Swag Labs/input_Swag Labs_user-name"), "standard_user"): Text 'standard_user' is set on object 'Object Repository/Page_Swag Labs/input_Swag Labs_user-name'

2023-11-19 23:44:54 - [MESSAGE][PASSED] - Text 'standard_user' is set on object 'Object Repository/Page_Swag Labs/input_Swag Labs_user-name'

2023-11-19 23:44:54 - [TEST_STEP][PASSED] - click(findTestObject("Object Repository/Page_Swag Labs/input_Swag Labs_login-button")): Object: 'Object Repository/Page_Swag Labs/input_Swag Labs_login-button' is clicked on

2023-11-19 23:44:55 - [MESSAGE][PASSED] - Object: 'Object Repository/Page_Swag Labs/input_Swag Labs_login-button' is clicked on

2023-11-19 23:44:55 - [TEST_STEP][PASSED] - click(findTestObject("Object Repository/Page_Swag Labs/input_Swag Labs_login-button")): Object: 'Object Repository/Page_Swag Labs/input_Swag Labs_login-button' is clicked on

2023-11-19 23:44:55 - [MESSAGE][PASSED] - Object: 'Object Repository/Page_Swag Labs/input_Swag Labs_login-button' is clicked on

2023-11-19 23:44:55 - [TEST_STEP][PASSED] - closeBrowser(): Browser is closed

2023-11-19 23:44:56 - [MESSAGE][PASSED] - Browser is closed]]></system-out>
         <system-err><![CDATA[]]></system-err>
      </testcase>
      <testcase name="Test Cases/login no valido - clave erronea" time="11.234" classname="Test Cases/login no valido - clave erronea" status="PASSED">
         <system-out><![CDATA[2023-11-19 23:44:56 - [TEST_CASE][PASSED] - Test Cases/login no valido - clave erronea: Test Cases/login no valido - clave erronea

2023-11-19 23:44:56 - [TEST_STEP][PASSED] - openBrowser(""): Browser is opened with url: ''

2023-11-19 23:44:56 - [MESSAGE][INFO] - Starting 'Chrome' driver

2023-11-19 23:44:56 - [MESSAGE][INFO] - Action delay is set to 0 milliseconds

2023-11-19 23:44:58 - [MESSAGE][PASSED] - Browser is opened with url: ''

2023-11-19 23:44:58 - [TEST_STEP][PASSED] - navigateToUrl("https://www.saucedemo.com/"): Navigate to 'https://www.saucedemo.com/' successfully

2023-11-19 23:45:00 - [MESSAGE][PASSED] - Navigate to 'https://www.saucedemo.com/' successfully

2023-11-19 23:45:00 - [TEST_STEP][PASSED] - setText(findTestObject("Object Repository/Page_Swag Labs/input_Swag Labs_user-name"), "standard_user"): Text 'standard_user' is set on object 'Object Repository/Page_Swag Labs/input_Swag Labs_user-name'

2023-11-19 23:45:02 - [MESSAGE][PASSED] - Text 'standard_user' is set on object 'Object Repository/Page_Swag Labs/input_Swag Labs_user-name'

2023-11-19 23:45:02 - [TEST_STEP][PASSED] - setEncryptedText(findTestObject("Object Repository/Page_Swag Labs/input_Swag Labs_password"), "aeHFOx8jV/A="): Text ****** has been set on object 'Object Repository/Page_Swag Labs/input_Swag Labs_password'

2023-11-19 23:45:02 - [MESSAGE][PASSED] - Text ****** has been set on object 'Object Repository/Page_Swag Labs/input_Swag Labs_password'

2023-11-19 23:45:02 - [TEST_STEP][PASSED] - click(findTestObject("Object Repository/Page_Swag Labs/input_Swag Labs_login-button")): Object: 'Object Repository/Page_Swag Labs/input_Swag Labs_login-button' is clicked on

2023-11-19 23:45:03 - [MESSAGE][PASSED] - Object: 'Object Repository/Page_Swag Labs/input_Swag Labs_login-button' is clicked on

2023-11-19 23:45:03 - [TEST_STEP][PASSED] - click(findTestObject("Object Repository/Page_Swag Labs/input_Swag Labs_login-button")): Object: 'Object Repository/Page_Swag Labs/input_Swag Labs_login-button' is clicked on

2023-11-19 23:45:06 - [MESSAGE][PASSED] - Object: 'Object Repository/Page_Swag Labs/input_Swag Labs_login-button' is clicked on

2023-11-19 23:45:06 - [TEST_STEP][PASSED] - closeBrowser(): Browser is closed

2023-11-19 23:45:07 - [MESSAGE][PASSED] - Browser is closed]]></system-out>
         <system-err><![CDATA[]]></system-err>
      </testcase>
      <testcase name="Test Cases/login no Valido - usuario erroneo - verify Element no present" time="7.931" classname="Test Cases/login no Valido - usuario erroneo - verify Element no present" status="PASSED">
         <system-out><![CDATA[2023-11-19 23:45:07 - [TEST_CASE][PASSED] - Test Cases/login no Valido - usuario erroneo - verify Element no present: Test Cases/login no Valido - usuario erroneo - verify Element no present

2023-11-19 23:45:07 - [TEST_STEP][PASSED] - openBrowser(""): Browser is opened with url: ''

2023-11-19 23:45:07 - [MESSAGE][INFO] - Starting 'Chrome' driver

2023-11-19 23:45:07 - [MESSAGE][INFO] - Action delay is set to 0 milliseconds

2023-11-19 23:45:09 - [MESSAGE][PASSED] - Browser is opened with url: ''

2023-11-19 23:45:09 - [TEST_STEP][PASSED] - navigateToUrl("https://www.saucedemo.com/"): Navigate to 'https://www.saucedemo.com/' successfully

2023-11-19 23:45:11 - [MESSAGE][PASSED] - Navigate to 'https://www.saucedemo.com/' successfully

2023-11-19 23:45:11 - [TEST_STEP][PASSED] - setText(findTestObject("Object Repository/Page_Swag Labs/input_Swag Labs_user-name"), "standard_user"): Text 'standard_user' is set on object 'Object Repository/Page_Swag Labs/input_Swag Labs_user-name'

2023-11-19 23:45:13 - [MESSAGE][PASSED] - Text 'standard_user' is set on object 'Object Repository/Page_Swag Labs/input_Swag Labs_user-name'

2023-11-19 23:45:13 - [TEST_STEP][PASSED] - setEncryptedText(findTestObject("Object Repository/Page_Swag Labs/input_Swag Labs_password"), "qcu24s4901FyWDTwXGr6XA=="): Text ****** has been set on object 'Object Repository/Page_Swag Labs/input_Swag Labs_password'

2023-11-19 23:45:13 - [MESSAGE][PASSED] - Text ****** has been set on object 'Object Repository/Page_Swag Labs/input_Swag Labs_password'

2023-11-19 23:45:13 - [TEST_STEP][PASSED] - click(findTestObject("Object Repository/Page_Swag Labs/input_Swag Labs_login-button")): Object: 'Object Repository/Page_Swag Labs/input_Swag Labs_login-button' is clicked on

2023-11-19 23:45:14 - [MESSAGE][PASSED] - Object: 'Object Repository/Page_Swag Labs/input_Swag Labs_login-button' is clicked on

2023-11-19 23:45:14 - [TEST_STEP][PASSED] - verifyElementNotPresent(findTestObject("Page_Swag Labs/input_Swag Labs_login-button"), 5): Web element with id: 'Object Repository/Page_Swag Labs/input_Swag Labs_login-button' located by 'By.xpath: //input[@id='login-button']' is not present after '5' second(s)

2023-11-19 23:45:14 - [MESSAGE][PASSED] - Web element with id: 'Object Repository/Page_Swag Labs/input_Swag Labs_login-button' located by 'By.xpath: //input[@id='login-button']' is not present after '5' second(s)

2023-11-19 23:45:14 - [TEST_STEP][PASSED] - closeBrowser(): Browser is closed

2023-11-19 23:45:15 - [MESSAGE][PASSED] - Browser is closed]]></system-out>
         <system-err><![CDATA[]]></system-err>
      </testcase>
      <testcase name="Test Cases/login no Valido - usuario incorrecto" time="7.247" classname="Test Cases/login no Valido - usuario incorrecto" status="PASSED">
         <system-out><![CDATA[2023-11-19 23:45:15 - [TEST_CASE][PASSED] - Test Cases/login no Valido - usuario incorrecto: Test Cases/login no Valido - usuario incorrecto

2023-11-19 23:45:15 - [TEST_STEP][PASSED] - openBrowser(""): Browser is opened with url: ''

2023-11-19 23:45:15 - [MESSAGE][INFO] - Starting 'Chrome' driver

2023-11-19 23:45:15 - [MESSAGE][INFO] - Action delay is set to 0 milliseconds

2023-11-19 23:45:17 - [MESSAGE][PASSED] - Browser is opened with url: ''

2023-11-19 23:45:17 - [TEST_STEP][PASSED] - navigateToUrl("https://www.saucedemo.com/"): Navigate to 'https://www.saucedemo.com/' successfully

2023-11-19 23:45:19 - [MESSAGE][PASSED] - Navigate to 'https://www.saucedemo.com/' successfully

2023-11-19 23:45:19 - [TEST_STEP][PASSED] - setText(findTestObject("Object Repository/Page_Swag Labs/input_Swag Labs_user-name"), "standard_user2"): Text 'standard_user2' is set on object 'Object Repository/Page_Swag Labs/input_Swag Labs_user-name'

2023-11-19 23:45:21 - [MESSAGE][PASSED] - Text 'standard_user2' is set on object 'Object Repository/Page_Swag Labs/input_Swag Labs_user-name'

2023-11-19 23:45:21 - [TEST_STEP][PASSED] - setEncryptedText(findTestObject("Object Repository/Page_Swag Labs/input_Swag Labs_password"), "qcu24s4901FyWDTwXGr6XA=="): Text ****** has been set on object 'Object Repository/Page_Swag Labs/input_Swag Labs_password'

2023-11-19 23:45:21 - [MESSAGE][PASSED] - Text ****** has been set on object 'Object Repository/Page_Swag Labs/input_Swag Labs_password'

2023-11-19 23:45:21 - [TEST_STEP][PASSED] - click(findTestObject("Object Repository/Page_Swag Labs/input_Swag Labs_login-button")): Object: 'Object Repository/Page_Swag Labs/input_Swag Labs_login-button' is clicked on

2023-11-19 23:45:21 - [MESSAGE][PASSED] - Object: 'Object Repository/Page_Swag Labs/input_Swag Labs_login-button' is clicked on

2023-11-19 23:45:21 - [TEST_STEP][PASSED] - closeBrowser(): Browser is closed

2023-11-19 23:45:22 - [MESSAGE][PASSED] - Browser is closed]]></system-out>
         <system-err><![CDATA[]]></system-err>
      </testcase>
      <testcase name="Test Cases/login Valido" time="7.521" classname="Test Cases/login Valido" status="PASSED">
         <system-out><![CDATA[2023-11-19 23:45:22 - [TEST_CASE][PASSED] - Test Cases/login Valido: Test Cases/login Valido

2023-11-19 23:45:23 - [TEST_STEP][PASSED] - openBrowser(""): Browser is opened with url: ''

2023-11-19 23:45:23 - [MESSAGE][INFO] - Starting 'Chrome' driver

2023-11-19 23:45:23 - [MESSAGE][INFO] - Action delay is set to 0 milliseconds

2023-11-19 23:45:24 - [MESSAGE][PASSED] - Browser is opened with url: ''

2023-11-19 23:45:24 - [TEST_STEP][PASSED] - navigateToUrl("https://www.saucedemo.com/"): Navigate to 'https://www.saucedemo.com/' successfully

2023-11-19 23:45:26 - [MESSAGE][PASSED] - Navigate to 'https://www.saucedemo.com/' successfully

2023-11-19 23:45:26 - [TEST_STEP][PASSED] - setText(findTestObject("Object Repository/Page_Swag Labs/input_Swag Labs_user-name"), "standard_user"): Text 'standard_user' is set on object 'Object Repository/Page_Swag Labs/input_Swag Labs_user-name'

2023-11-19 23:45:28 - [MESSAGE][PASSED] - Text 'standard_user' is set on object 'Object Repository/Page_Swag Labs/input_Swag Labs_user-name'

2023-11-19 23:45:28 - [TEST_STEP][PASSED] - setEncryptedText(findTestObject("Object Repository/Page_Swag Labs/input_Swag Labs_password"), "qcu24s4901FyWDTwXGr6XA=="): Text ****** has been set on object 'Object Repository/Page_Swag Labs/input_Swag Labs_password'

2023-11-19 23:45:28 - [MESSAGE][PASSED] - Text ****** has been set on object 'Object Repository/Page_Swag Labs/input_Swag Labs_password'

2023-11-19 23:45:28 - [TEST_STEP][PASSED] - click(findTestObject("Object Repository/Page_Swag Labs/input_Swag Labs_login-button")): Object: 'Object Repository/Page_Swag Labs/input_Swag Labs_login-button' is clicked on

2023-11-19 23:45:29 - [MESSAGE][PASSED] - Object: 'Object Repository/Page_Swag Labs/input_Swag Labs_login-button' is clicked on

2023-11-19 23:45:29 - [TEST_STEP][PASSED] - closeBrowser(): Browser is closed

2023-11-19 23:45:30 - [MESSAGE][PASSED] - Browser is closed]]></system-out>
         <system-err><![CDATA[]]></system-err>
      </testcase>
      <testcase name="Test Cases/checkout" time="14.383" classname="Test Cases/checkout" status="PASSED">
         <system-out><![CDATA[2023-11-19 23:45:30 - [TEST_CASE][PASSED] - Test Cases/checkout: Test Cases/checkout

2023-11-19 23:45:30 - [TEST_STEP][PASSED] - openBrowser(""): Browser is opened with url: ''

2023-11-19 23:45:30 - [MESSAGE][INFO] - Starting 'Chrome' driver

2023-11-19 23:45:30 - [MESSAGE][INFO] - Action delay is set to 0 milliseconds

2023-11-19 23:45:32 - [MESSAGE][PASSED] - Browser is opened with url: ''

2023-11-19 23:45:32 - [TEST_STEP][PASSED] - navigateToUrl("https://www.saucedemo.com/"): Navigate to 'https://www.saucedemo.com/' successfully

2023-11-19 23:45:35 - [MESSAGE][PASSED] - Navigate to 'https://www.saucedemo.com/' successfully

2023-11-19 23:45:35 - [TEST_STEP][PASSED] - click(findTestObject("Object Repository/Page_Swag Labs/input_Swag Labs_user-name")): Object: 'Object Repository/Page_Swag Labs/input_Swag Labs_user-name' is clicked on

2023-11-19 23:45:36 - [MESSAGE][PASSED] - Object: 'Object Repository/Page_Swag Labs/input_Swag Labs_user-name' is clicked on

2023-11-19 23:45:36 - [TEST_STEP][PASSED] - click(findTestObject("Object Repository/Page_Swag Labs/div_Accepted usernames arestandard_userlock_0d4679")): Object: 'Object Repository/Page_Swag Labs/div_Accepted usernames arestandard_userlock_0d4679' is clicked on

2023-11-19 23:45:36 - [MESSAGE][PASSED] - Object: 'Object Repository/Page_Swag Labs/div_Accepted usernames arestandard_userlock_0d4679' is clicked on

2023-11-19 23:45:36 - [TEST_STEP][PASSED] - setText(findTestObject("Object Repository/Page_Swag Labs/input_Swag Labs_user-name"), "standard_user"): Text 'standard_user' is set on object 'Object Repository/Page_Swag Labs/input_Swag Labs_user-name'

2023-11-19 23:45:37 - [MESSAGE][PASSED] - Text 'standard_user' is set on object 'Object Repository/Page_Swag Labs/input_Swag Labs_user-name'

2023-11-19 23:45:37 - [TEST_STEP][PASSED] - click(findTestObject("Object Repository/Page_Swag Labs/div_Password for all userssecret_sauce")): Object: 'Object Repository/Page_Swag Labs/div_Password for all userssecret_sauce' is clicked on

2023-11-19 23:45:37 - [MESSAGE][PASSED] - Object: 'Object Repository/Page_Swag Labs/div_Password for all userssecret_sauce' is clicked on

2023-11-19 23:45:37 - [TEST_STEP][PASSED] - setEncryptedText(findTestObject("Object Repository/Page_Swag Labs/input_Swag Labs_password"), "qcu24s4901FyWDTwXGr6XA=="): Text ****** has been set on object 'Object Repository/Page_Swag Labs/input_Swag Labs_password'

2023-11-19 23:45:38 - [MESSAGE][PASSED] - Text ****** has been set on object 'Object Repository/Page_Swag Labs/input_Swag Labs_password'

2023-11-19 23:45:38 - [TEST_STEP][PASSED] - click(findTestObject("Object Repository/Page_Swag Labs/input_Swag Labs_login-button")): Object: 'Object Repository/Page_Swag Labs/input_Swag Labs_login-button' is clicked on

2023-11-19 23:45:38 - [MESSAGE][PASSED] - Object: 'Object Repository/Page_Swag Labs/input_Swag Labs_login-button' is clicked on

2023-11-19 23:45:38 - [TEST_STEP][PASSED] - click(findTestObject("Object Repository/Page_Swag Labs/a_Swag Labs_shopping_cart_link")): Object: 'Object Repository/Page_Swag Labs/a_Swag Labs_shopping_cart_link' is clicked on

2023-11-19 23:45:39 - [MESSAGE][PASSED] - Object: 'Object Repository/Page_Swag Labs/a_Swag Labs_shopping_cart_link' is clicked on

2023-11-19 23:45:39 - [TEST_STEP][PASSED] - click(findTestObject("Object Repository/Page_Swag Labs/button_Checkout")): Object: 'Object Repository/Page_Swag Labs/button_Checkout' is clicked on

2023-11-19 23:45:39 - [MESSAGE][PASSED] - Object: 'Object Repository/Page_Swag Labs/button_Checkout' is clicked on

2023-11-19 23:45:39 - [TEST_STEP][PASSED] - setText(findTestObject("Object Repository/Page_Swag Labs/input_Checkout Your Information_firstName"), firstName): Text 'Pablo' is set on object 'Object Repository/Page_Swag Labs/input_Checkout Your Information_firstName'

2023-11-19 23:45:40 - [MESSAGE][PASSED] - Text 'Pablo' is set on object 'Object Repository/Page_Swag Labs/input_Checkout Your Information_firstName'

2023-11-19 23:45:40 - [TEST_STEP][PASSED] - setText(findTestObject("Object Repository/Page_Swag Labs/input_Checkout Your Information_lastName"), lastName): Text 'Roda' is set on object 'Object Repository/Page_Swag Labs/input_Checkout Your Information_lastName'

2023-11-19 23:45:41 - [MESSAGE][PASSED] - Text 'Roda' is set on object 'Object Repository/Page_Swag Labs/input_Checkout Your Information_lastName'

2023-11-19 23:45:41 - [TEST_STEP][PASSED] - setText(findTestObject("Object Repository/Page_Swag Labs/input_Checkout Your Information_postalCode"), postalCode): Text '4000' is set on object 'Object Repository/Page_Swag Labs/input_Checkout Your Information_postalCode'

2023-11-19 23:45:42 - [MESSAGE][PASSED] - Text '4000' is set on object 'Object Repository/Page_Swag Labs/input_Checkout Your Information_postalCode'

2023-11-19 23:45:42 - [TEST_STEP][PASSED] - click(findTestObject("Object Repository/Page_Swag Labs/input_Cancel_continue")): Object: 'Object Repository/Page_Swag Labs/input_Cancel_continue' is clicked on

2023-11-19 23:45:43 - [MESSAGE][PASSED] - Object: 'Object Repository/Page_Swag Labs/input_Cancel_continue' is clicked on

2023-11-19 23:45:43 - [TEST_STEP][PASSED] - click(findTestObject("Object Repository/Page_Swag Labs/button_Finish")): Object: 'Object Repository/Page_Swag Labs/button_Finish' is clicked on

2023-11-19 23:45:43 - [MESSAGE][PASSED] - Object: 'Object Repository/Page_Swag Labs/button_Finish' is clicked on

2023-11-19 23:45:43 - [TEST_STEP][PASSED] - click(findTestObject("Object Repository/Page_Swag Labs/button_Back Home")): Object: 'Object Repository/Page_Swag Labs/button_Back Home' is clicked on

2023-11-19 23:45:44 - [MESSAGE][PASSED] - Object: 'Object Repository/Page_Swag Labs/button_Back Home' is clicked on

2023-11-19 23:45:44 - [TEST_STEP][PASSED] - closeBrowser(): Browser is closed

2023-11-19 23:45:44 - [MESSAGE][PASSED] - Browser is closed]]></system-out>
         <system-err><![CDATA[]]></system-err>
      </testcase>
      <testcase name="Test Cases/checkout" time="14.179" classname="Test Cases/checkout" status="PASSED">
         <system-out><![CDATA[2023-11-19 23:45:44 - [TEST_CASE][PASSED] - Test Cases/checkout: Test Cases/checkout

2023-11-19 23:45:45 - [TEST_STEP][PASSED] - openBrowser(""): Browser is opened with url: ''

2023-11-19 23:45:45 - [MESSAGE][INFO] - Starting 'Chrome' driver

2023-11-19 23:45:45 - [MESSAGE][INFO] - Action delay is set to 0 milliseconds

2023-11-19 23:45:46 - [MESSAGE][PASSED] - Browser is opened with url: ''

2023-11-19 23:45:46 - [TEST_STEP][PASSED] - navigateToUrl("https://www.saucedemo.com/"): Navigate to 'https://www.saucedemo.com/' successfully

2023-11-19 23:45:49 - [MESSAGE][PASSED] - Navigate to 'https://www.saucedemo.com/' successfully

2023-11-19 23:45:49 - [TEST_STEP][PASSED] - click(findTestObject("Object Repository/Page_Swag Labs/input_Swag Labs_user-name")): Object: 'Object Repository/Page_Swag Labs/input_Swag Labs_user-name' is clicked on

2023-11-19 23:45:50 - [MESSAGE][PASSED] - Object: 'Object Repository/Page_Swag Labs/input_Swag Labs_user-name' is clicked on

2023-11-19 23:45:50 - [TEST_STEP][PASSED] - click(findTestObject("Object Repository/Page_Swag Labs/div_Accepted usernames arestandard_userlock_0d4679")): Object: 'Object Repository/Page_Swag Labs/div_Accepted usernames arestandard_userlock_0d4679' is clicked on

2023-11-19 23:45:51 - [MESSAGE][PASSED] - Object: 'Object Repository/Page_Swag Labs/div_Accepted usernames arestandard_userlock_0d4679' is clicked on

2023-11-19 23:45:51 - [TEST_STEP][PASSED] - setText(findTestObject("Object Repository/Page_Swag Labs/input_Swag Labs_user-name"), "standard_user"): Text 'standard_user' is set on object 'Object Repository/Page_Swag Labs/input_Swag Labs_user-name'

2023-11-19 23:45:51 - [MESSAGE][PASSED] - Text 'standard_user' is set on object 'Object Repository/Page_Swag Labs/input_Swag Labs_user-name'

2023-11-19 23:45:51 - [TEST_STEP][PASSED] - click(findTestObject("Object Repository/Page_Swag Labs/div_Password for all userssecret_sauce")): Object: 'Object Repository/Page_Swag Labs/div_Password for all userssecret_sauce' is clicked on

2023-11-19 23:45:52 - [MESSAGE][PASSED] - Object: 'Object Repository/Page_Swag Labs/div_Password for all userssecret_sauce' is clicked on

2023-11-19 23:45:52 - [TEST_STEP][PASSED] - setEncryptedText(findTestObject("Object Repository/Page_Swag Labs/input_Swag Labs_password"), "qcu24s4901FyWDTwXGr6XA=="): Text ****** has been set on object 'Object Repository/Page_Swag Labs/input_Swag Labs_password'

2023-11-19 23:45:52 - [MESSAGE][PASSED] - Text ****** has been set on object 'Object Repository/Page_Swag Labs/input_Swag Labs_password'

2023-11-19 23:45:52 - [TEST_STEP][PASSED] - click(findTestObject("Object Repository/Page_Swag Labs/input_Swag Labs_login-button")): Object: 'Object Repository/Page_Swag Labs/input_Swag Labs_login-button' is clicked on

2023-11-19 23:45:53 - [MESSAGE][PASSED] - Object: 'Object Repository/Page_Swag Labs/input_Swag Labs_login-button' is clicked on

2023-11-19 23:45:53 - [TEST_STEP][PASSED] - click(findTestObject("Object Repository/Page_Swag Labs/a_Swag Labs_shopping_cart_link")): Object: 'Object Repository/Page_Swag Labs/a_Swag Labs_shopping_cart_link' is clicked on

2023-11-19 23:45:53 - [MESSAGE][PASSED] - Object: 'Object Repository/Page_Swag Labs/a_Swag Labs_shopping_cart_link' is clicked on

2023-11-19 23:45:53 - [TEST_STEP][PASSED] - click(findTestObject("Object Repository/Page_Swag Labs/button_Checkout")): Object: 'Object Repository/Page_Swag Labs/button_Checkout' is clicked on

2023-11-19 23:45:54 - [MESSAGE][PASSED] - Object: 'Object Repository/Page_Swag Labs/button_Checkout' is clicked on

2023-11-19 23:45:54 - [TEST_STEP][PASSED] - setText(findTestObject("Object Repository/Page_Swag Labs/input_Checkout Your Information_firstName"), firstName): Text 'Claudia' is set on object 'Object Repository/Page_Swag Labs/input_Checkout Your Information_firstName'

2023-11-19 23:45:54 - [MESSAGE][PASSED] - Text 'Claudia' is set on object 'Object Repository/Page_Swag Labs/input_Checkout Your Information_firstName'

2023-11-19 23:45:54 - [TEST_STEP][PASSED] - setText(findTestObject("Object Repository/Page_Swag Labs/input_Checkout Your Information_lastName"), lastName): Text 'Nieva' is set on object 'Object Repository/Page_Swag Labs/input_Checkout Your Information_lastName'

2023-11-19 23:45:55 - [MESSAGE][PASSED] - Text 'Nieva' is set on object 'Object Repository/Page_Swag Labs/input_Checkout Your Information_lastName'

2023-11-19 23:45:55 - [TEST_STEP][PASSED] - setText(findTestObject("Object Repository/Page_Swag Labs/input_Checkout Your Information_postalCode"), postalCode): Text '4000' is set on object 'Object Repository/Page_Swag Labs/input_Checkout Your Information_postalCode'

2023-11-19 23:45:56 - [MESSAGE][PASSED] - Text '4000' is set on object 'Object Repository/Page_Swag Labs/input_Checkout Your Information_postalCode'

2023-11-19 23:45:56 - [TEST_STEP][PASSED] - click(findTestObject("Object Repository/Page_Swag Labs/input_Cancel_continue")): Object: 'Object Repository/Page_Swag Labs/input_Cancel_continue' is clicked on

2023-11-19 23:45:57 - [MESSAGE][PASSED] - Object: 'Object Repository/Page_Swag Labs/input_Cancel_continue' is clicked on

2023-11-19 23:45:57 - [TEST_STEP][PASSED] - click(findTestObject("Object Repository/Page_Swag Labs/button_Finish")): Object: 'Object Repository/Page_Swag Labs/button_Finish' is clicked on

2023-11-19 23:45:57 - [MESSAGE][PASSED] - Object: 'Object Repository/Page_Swag Labs/button_Finish' is clicked on

2023-11-19 23:45:57 - [TEST_STEP][PASSED] - click(findTestObject("Object Repository/Page_Swag Labs/button_Back Home")): Object: 'Object Repository/Page_Swag Labs/button_Back Home' is clicked on

2023-11-19 23:45:58 - [MESSAGE][PASSED] - Object: 'Object Repository/Page_Swag Labs/button_Back Home' is clicked on

2023-11-19 23:45:58 - [TEST_STEP][PASSED] - closeBrowser(): Browser is closed

2023-11-19 23:45:59 - [MESSAGE][PASSED] - Browser is closed]]></system-out>
         <system-err><![CDATA[]]></system-err>
      </testcase>
      <testcase name="Test Cases/checkout" time="13.963" classname="Test Cases/checkout" status="PASSED">
         <system-out><![CDATA[2023-11-19 23:45:59 - [TEST_CASE][PASSED] - Test Cases/checkout: Test Cases/checkout

2023-11-19 23:45:59 - [TEST_STEP][PASSED] - openBrowser(""): Browser is opened with url: ''

2023-11-19 23:45:59 - [MESSAGE][INFO] - Starting 'Chrome' driver

2023-11-19 23:45:59 - [MESSAGE][INFO] - Action delay is set to 0 milliseconds

2023-11-19 23:46:00 - [MESSAGE][PASSED] - Browser is opened with url: ''

2023-11-19 23:46:00 - [TEST_STEP][PASSED] - navigateToUrl("https://www.saucedemo.com/"): Navigate to 'https://www.saucedemo.com/' successfully

2023-11-19 23:46:03 - [MESSAGE][PASSED] - Navigate to 'https://www.saucedemo.com/' successfully

2023-11-19 23:46:03 - [TEST_STEP][PASSED] - click(findTestObject("Object Repository/Page_Swag Labs/input_Swag Labs_user-name")): Object: 'Object Repository/Page_Swag Labs/input_Swag Labs_user-name' is clicked on

2023-11-19 23:46:04 - [MESSAGE][PASSED] - Object: 'Object Repository/Page_Swag Labs/input_Swag Labs_user-name' is clicked on

2023-11-19 23:46:04 - [TEST_STEP][PASSED] - click(findTestObject("Object Repository/Page_Swag Labs/div_Accepted usernames arestandard_userlock_0d4679")): Object: 'Object Repository/Page_Swag Labs/div_Accepted usernames arestandard_userlock_0d4679' is clicked on

2023-11-19 23:46:04 - [MESSAGE][PASSED] - Object: 'Object Repository/Page_Swag Labs/div_Accepted usernames arestandard_userlock_0d4679' is clicked on

2023-11-19 23:46:04 - [TEST_STEP][PASSED] - setText(findTestObject("Object Repository/Page_Swag Labs/input_Swag Labs_user-name"), "standard_user"): Text 'standard_user' is set on object 'Object Repository/Page_Swag Labs/input_Swag Labs_user-name'

2023-11-19 23:46:05 - [MESSAGE][PASSED] - Text 'standard_user' is set on object 'Object Repository/Page_Swag Labs/input_Swag Labs_user-name'

2023-11-19 23:46:05 - [TEST_STEP][PASSED] - click(findTestObject("Object Repository/Page_Swag Labs/div_Password for all userssecret_sauce")): Object: 'Object Repository/Page_Swag Labs/div_Password for all userssecret_sauce' is clicked on

2023-11-19 23:46:06 - [MESSAGE][PASSED] - Object: 'Object Repository/Page_Swag Labs/div_Password for all userssecret_sauce' is clicked on

2023-11-19 23:46:06 - [TEST_STEP][PASSED] - setEncryptedText(findTestObject("Object Repository/Page_Swag Labs/input_Swag Labs_password"), "qcu24s4901FyWDTwXGr6XA=="): Text ****** has been set on object 'Object Repository/Page_Swag Labs/input_Swag Labs_password'

2023-11-19 23:46:06 - [MESSAGE][PASSED] - Text ****** has been set on object 'Object Repository/Page_Swag Labs/input_Swag Labs_password'

2023-11-19 23:46:06 - [TEST_STEP][PASSED] - click(findTestObject("Object Repository/Page_Swag Labs/input_Swag Labs_login-button")): Object: 'Object Repository/Page_Swag Labs/input_Swag Labs_login-button' is clicked on

2023-11-19 23:46:07 - [MESSAGE][PASSED] - Object: 'Object Repository/Page_Swag Labs/input_Swag Labs_login-button' is clicked on

2023-11-19 23:46:07 - [TEST_STEP][PASSED] - click(findTestObject("Object Repository/Page_Swag Labs/a_Swag Labs_shopping_cart_link")): Object: 'Object Repository/Page_Swag Labs/a_Swag Labs_shopping_cart_link' is clicked on

2023-11-19 23:46:07 - [MESSAGE][PASSED] - Object: 'Object Repository/Page_Swag Labs/a_Swag Labs_shopping_cart_link' is clicked on

2023-11-19 23:46:07 - [TEST_STEP][PASSED] - click(findTestObject("Object Repository/Page_Swag Labs/button_Checkout")): Object: 'Object Repository/Page_Swag Labs/button_Checkout' is clicked on

2023-11-19 23:46:08 - [MESSAGE][PASSED] - Object: 'Object Repository/Page_Swag Labs/button_Checkout' is clicked on

2023-11-19 23:46:08 - [TEST_STEP][PASSED] - setText(findTestObject("Object Repository/Page_Swag Labs/input_Checkout Your Information_firstName"), firstName): Text 'Walter ' is set on object 'Object Repository/Page_Swag Labs/input_Checkout Your Information_firstName'

2023-11-19 23:46:08 - [MESSAGE][PASSED] - Text 'Walter ' is set on object 'Object Repository/Page_Swag Labs/input_Checkout Your Information_firstName'

2023-11-19 23:46:08 - [TEST_STEP][PASSED] - setText(findTestObject("Object Repository/Page_Swag Labs/input_Checkout Your Information_lastName"), lastName): Text 'Nieva' is set on object 'Object Repository/Page_Swag Labs/input_Checkout Your Information_lastName'

2023-11-19 23:46:09 - [MESSAGE][PASSED] - Text 'Nieva' is set on object 'Object Repository/Page_Swag Labs/input_Checkout Your Information_lastName'

2023-11-19 23:46:09 - [TEST_STEP][PASSED] - setText(findTestObject("Object Repository/Page_Swag Labs/input_Checkout Your Information_postalCode"), postalCode): Text '4000' is set on object 'Object Repository/Page_Swag Labs/input_Checkout Your Information_postalCode'

2023-11-19 23:46:10 - [MESSAGE][PASSED] - Text '4000' is set on object 'Object Repository/Page_Swag Labs/input_Checkout Your Information_postalCode'

2023-11-19 23:46:10 - [TEST_STEP][PASSED] - click(findTestObject("Object Repository/Page_Swag Labs/input_Cancel_continue")): Object: 'Object Repository/Page_Swag Labs/input_Cancel_continue' is clicked on

2023-11-19 23:46:11 - [MESSAGE][PASSED] - Object: 'Object Repository/Page_Swag Labs/input_Cancel_continue' is clicked on

2023-11-19 23:46:11 - [TEST_STEP][PASSED] - click(findTestObject("Object Repository/Page_Swag Labs/button_Finish")): Object: 'Object Repository/Page_Swag Labs/button_Finish' is clicked on

2023-11-19 23:46:11 - [MESSAGE][PASSED] - Object: 'Object Repository/Page_Swag Labs/button_Finish' is clicked on

2023-11-19 23:46:11 - [TEST_STEP][PASSED] - click(findTestObject("Object Repository/Page_Swag Labs/button_Back Home")): Object: 'Object Repository/Page_Swag Labs/button_Back Home' is clicked on

2023-11-19 23:46:12 - [MESSAGE][PASSED] - Object: 'Object Repository/Page_Swag Labs/button_Back Home' is clicked on

2023-11-19 23:46:12 - [TEST_STEP][PASSED] - closeBrowser(): Browser is closed

2023-11-19 23:46:13 - [MESSAGE][PASSED] - Browser is closed]]></system-out>
         <system-err><![CDATA[]]></system-err>
      </testcase>
      <system-out><![CDATA[2023-11-19 23:44:36 - [TEST_SUITE][PASSED] - TS_TP4: Test Cases/checkout]]></system-out>
      <system-err><![CDATA[]]></system-err>
   </testsuite>
</testsuites>
