<?xml version="1.0" encoding="UTF-8"?>
<testsuites name="TS_Screenshot" time="15.091" tests="1" failures="0" errors="0">
   <testsuite name="TS_Screenshot" tests="1" failures="0" errors="0" time="15.091" skipped="0" timestamp="2023-11-22 23:13:21" hostname="mauricio - DESKTOP-95B3BCP" id="Test Suites/TS_Screenshot">
      <properties>
         <property name="deviceName" value=""/>
         <property name="devicePlatform" value=""/>
         <property name="logFolder" value="C:\\Users\\mauricio\\git\\TyCS-test\\Reports\\20231122_231317\\TS_Screenshot\\20231122_231317"/>
         <property name="logFiles" value="C:\\Users\\mauricio\\git\\TyCS-test\\Reports\\20231122_231317\\TS_Screenshot\\20231122_231317\\execution0.log"/>
         <property name="attachments" value="C:\\Users\\mauricio\\git\\TyCS-test\\Reports\\20231122_231317\\TS_Screenshot\\20231122_231317\\1700705610084.png, C:\\Users\\mauricio\\git\\TyCS-test\\Reports\\20231122_231317\\TS_Screenshot\\20231122_231317\\1700705614481.png"/>
         <property name="hostName" value="mauricio - DESKTOP-95B3BCP"/>
         <property name="os" value="Windows 10 64bit"/>
         <property name="katalonVersion" value="8.6.8.208"/>
         <property name="browser" value="Chrome 119.0.0.0"/>
         <property name="hostAddress" value="192.168.1.6"/>
         <property name="sessionId" value="fb6766f2511059705e538335626381fe"/>
         <property name="seleniumVersion" value="3.141.59"/>
         <property name="proxyInformation" value="ProxyInformation { proxyOption=NO_PROXY, proxyServerType=HTTP, username=, password=********, proxyServerAddress=, proxyServerPort=0, executionList=&quot;&quot;, isApplyToDesiredCapabilities=true }"/>
         <property name="platform" value="Windows 10"/>
      </properties>
      <testcase name="Test Cases/login Valido" time="14.763" classname="Test Cases/login Valido" status="PASSED">
         <system-out><![CDATA[2023-11-22 23:13:21 - [TEST_CASE][PASSED] - Test Cases/login Valido: Test Cases/login Valido

2023-11-22 23:13:21 - [TEST_STEP][PASSED] - openBrowser(""): Browser is opened with url: ''

2023-11-22 23:13:22 - [MESSAGE][INFO] - Starting 'Chrome' driver

2023-11-22 23:13:22 - [MESSAGE][INFO] - Action delay is set to 0 milliseconds

2023-11-22 23:13:24 - [MESSAGE][PASSED] - Browser is opened with url: ''

2023-11-22 23:13:24 - [TEST_STEP][PASSED] - navigateToUrl("https://www.saucedemo.com/"): Navigate to 'https://www.saucedemo.com/' successfully

2023-11-22 23:13:28 - [MESSAGE][PASSED] - Navigate to 'https://www.saucedemo.com/' successfully

2023-11-22 23:13:28 - [TEST_STEP][PASSED] - delay(2): Delayed 2 second(s)

2023-11-22 23:13:30 - [MESSAGE][PASSED] - Delayed 2 second(s)

2023-11-22 23:13:30 - [TEST_STEP][PASSED] - takeFullPageScreenshot(): Taking screenshot successfully

2023-11-22 23:13:30 - [MESSAGE][INFO] - 0 hidden object(s)

2023-11-22 23:13:30 - [MESSAGE][PASSED] - Taking screenshot successfully
[[ATTACHMENT|C:\\Users\\mauricio\\git\\TyCS-test\\Reports\\20231122_231317\\TS_Screenshot\\20231122_231317\\1700705610084.png]]

2023-11-22 23:13:30 - [TEST_STEP][PASSED] - setText(findTestObject("Object Repository/Page_Swag Labs/input_Swag Labs_user-name"), "standard_user"): Text 'standard_user' is set on object 'Object Repository/Page_Swag Labs/input_Swag Labs_user-name'

2023-11-22 23:13:31 - [MESSAGE][PASSED] - Text 'standard_user' is set on object 'Object Repository/Page_Swag Labs/input_Swag Labs_user-name'

2023-11-22 23:13:31 - [TEST_STEP][PASSED] - setEncryptedText(findTestObject("Object Repository/Page_Swag Labs/input_Swag Labs_password"), "qcu24s4901FyWDTwXGr6XA=="): Text ****** has been set on object 'Object Repository/Page_Swag Labs/input_Swag Labs_password'

2023-11-22 23:13:32 - [MESSAGE][PASSED] - Text ****** has been set on object 'Object Repository/Page_Swag Labs/input_Swag Labs_password'

2023-11-22 23:13:32 - [TEST_STEP][PASSED] - delay(2): Delayed 2 second(s)

2023-11-22 23:13:34 - [MESSAGE][PASSED] - Delayed 2 second(s)

2023-11-22 23:13:34 - [TEST_STEP][PASSED] - takeFullPageScreenshot(): Taking screenshot successfully

2023-11-22 23:13:34 - [MESSAGE][INFO] - 0 hidden object(s)

2023-11-22 23:13:35 - [MESSAGE][PASSED] - Taking screenshot successfully
[[ATTACHMENT|C:\\Users\\mauricio\\git\\TyCS-test\\Reports\\20231122_231317\\TS_Screenshot\\20231122_231317\\1700705614481.png]]

2023-11-22 23:13:35 - [TEST_STEP][PASSED] - click(findTestObject("Object Repository/Page_Swag Labs/input_Swag Labs_login-button")): Object: 'Object Repository/Page_Swag Labs/input_Swag Labs_login-button' is clicked on

2023-11-22 23:13:35 - [MESSAGE][PASSED] - Object: 'Object Repository/Page_Swag Labs/input_Swag Labs_login-button' is clicked on

2023-11-22 23:13:35 - [TEST_STEP][PASSED] - closeBrowser(): Browser is closed

2023-11-22 23:13:36 - [MESSAGE][PASSED] - Browser is closed]]></system-out>
         <system-err><![CDATA[]]></system-err>
      </testcase>
      <system-out><![CDATA[2023-11-22 23:13:21 - [TEST_SUITE][PASSED] - TS_Screenshot: Test Cases/login Valido]]></system-out>
      <system-err><![CDATA[]]></system-err>
   </testsuite>
</testsuites>
