<?xml version="1.0" encoding="UTF-8"?>
<testsuites name="TS_TP4" time="122.759" tests="9" failures="0" errors="0">
   <testsuite name="TS_TP4" tests="9" failures="0" errors="0" time="122.759" skipped="0" timestamp="2023-11-19 23:51:26" hostname="mauricio - DESKTOP-95B3BCP" id="Test Suites/TS_TP4">
      <properties>
         <property name="deviceName" value=""/>
         <property name="devicePlatform" value=""/>
         <property name="logFolder" value="C:\\Users\\mauricio\\git\\TyCS-test\\Reports\\20231119_235123\\TS_TP4\\20231119_235123"/>
         <property name="logFiles" value="C:\\Users\\mauricio\\git\\TyCS-test\\Reports\\20231119_235123\\TS_TP4\\20231119_235123\\execution0.log"/>
         <property name="attachments" value=""/>
         <property name="hostName" value="mauricio - DESKTOP-95B3BCP"/>
         <property name="os" value="Windows 10 64bit"/>
         <property name="katalonVersion" value="8.6.8.208"/>
         <property name="browser" value="Chrome 119.0.0.0"/>
         <property name="hostAddress" value="192.168.1.6"/>
         <property name="sessionId" value="a54ecef5eb97f34aed4e447357c6d9c8"/>
         <property name="seleniumVersion" value="3.141.59"/>
         <property name="proxyInformation" value="ProxyInformation { proxyOption=NO_PROXY, proxyServerType=HTTP, username=, password=********, proxyServerAddress=, proxyServerPort=0, executionList=&quot;&quot;, isApplyToDesiredCapabilities=true }"/>
         <property name="platform" value="Windows 10"/>
      </properties>
      <testcase name="Test Cases/login -logout" time="14.417" classname="Test Cases/login -logout" status="PASSED">
         <system-out><![CDATA[2023-11-19 23:51:27 - [TEST_CASE][PASSED] - Test Cases/login -logout: Test Cases/login -logout

2023-11-19 23:51:27 - [TEST_STEP][PASSED] - openBrowser(""): Browser is opened with url: ''

2023-11-19 23:51:27 - [MESSAGE][INFO] - Starting 'Chrome' driver

2023-11-19 23:51:27 - [MESSAGE][INFO] - Action delay is set to 0 milliseconds

2023-11-19 23:51:30 - [MESSAGE][PASSED] - Browser is opened with url: ''

2023-11-19 23:51:30 - [TEST_STEP][PASSED] - navigateToUrl("https://www.saucedemo.com/"): Navigate to 'https://www.saucedemo.com/' successfully

2023-11-19 23:51:32 - [MESSAGE][PASSED] - Navigate to 'https://www.saucedemo.com/' successfully

2023-11-19 23:51:32 - [TEST_STEP][PASSED] - setText(findTestObject("Object Repository/Page_Swag Labs/input_Swag Labs_user-name"), "standard_user"): Text 'standard_user' is set on object 'Object Repository/Page_Swag Labs/input_Swag Labs_user-name'

2023-11-19 23:51:33 - [MESSAGE][PASSED] - Text 'standard_user' is set on object 'Object Repository/Page_Swag Labs/input_Swag Labs_user-name'

2023-11-19 23:51:34 - [TEST_STEP][PASSED] - setEncryptedText(findTestObject("Object Repository/Page_Swag Labs/input_Swag Labs_password"), "qcu24s4901FyWDTwXGr6XA=="): Text ****** has been set on object 'Object Repository/Page_Swag Labs/input_Swag Labs_password'

2023-11-19 23:51:34 - [MESSAGE][PASSED] - Text ****** has been set on object 'Object Repository/Page_Swag Labs/input_Swag Labs_password'

2023-11-19 23:51:34 - [TEST_STEP][PASSED] - click(findTestObject("Object Repository/Page_Swag Labs/input_Swag Labs_login-button")): Object: 'Object Repository/Page_Swag Labs/input_Swag Labs_login-button' is clicked on

2023-11-19 23:51:36 - [MESSAGE][PASSED] - Object: 'Object Repository/Page_Swag Labs/input_Swag Labs_login-button' is clicked on

2023-11-19 23:51:36 - [TEST_STEP][PASSED] - click(findTestObject("Object Repository/Page_Swag Labs/button_Open Menu")): Object: 'Object Repository/Page_Swag Labs/button_Open Menu' is clicked on

2023-11-19 23:51:38 - [MESSAGE][PASSED] - Object: 'Object Repository/Page_Swag Labs/button_Open Menu' is clicked on

2023-11-19 23:51:38 - [TEST_STEP][PASSED] - click(findTestObject("Object Repository/Page_Swag Labs/a_Logout")): Object: 'Object Repository/Page_Swag Labs/a_Logout' is clicked on

2023-11-19 23:51:40 - [MESSAGE][PASSED] - Object: 'Object Repository/Page_Swag Labs/a_Logout' is clicked on

2023-11-19 23:51:40 - [TEST_STEP][PASSED] - closeBrowser(): Browser is closed

2023-11-19 23:51:41 - [MESSAGE][PASSED] - Browser is closed]]></system-out>
         <system-err><![CDATA[]]></system-err>
      </testcase>
      <testcase name="Test Cases/login no valido - clave en blanco" time="7.173" classname="Test Cases/login no valido - clave en blanco" status="PASSED">
         <system-out><![CDATA[2023-11-19 23:51:41 - [TEST_CASE][PASSED] - Test Cases/login no valido - clave en blanco: Test Cases/login no valido - clave en blanco

2023-11-19 23:51:41 - [TEST_STEP][PASSED] - openBrowser(""): Browser is opened with url: ''

2023-11-19 23:51:41 - [MESSAGE][INFO] - Starting 'Chrome' driver

2023-11-19 23:51:41 - [MESSAGE][INFO] - Action delay is set to 0 milliseconds

2023-11-19 23:51:43 - [MESSAGE][PASSED] - Browser is opened with url: ''

2023-11-19 23:51:43 - [TEST_STEP][PASSED] - navigateToUrl("https://www.saucedemo.com/"): Navigate to 'https://www.saucedemo.com/' successfully

2023-11-19 23:51:45 - [MESSAGE][PASSED] - Navigate to 'https://www.saucedemo.com/' successfully

2023-11-19 23:51:45 - [TEST_STEP][PASSED] - setText(findTestObject("Object Repository/Page_Swag Labs/input_Swag Labs_user-name"), "standard_user"): Text 'standard_user' is set on object 'Object Repository/Page_Swag Labs/input_Swag Labs_user-name'

2023-11-19 23:51:46 - [MESSAGE][PASSED] - Text 'standard_user' is set on object 'Object Repository/Page_Swag Labs/input_Swag Labs_user-name'

2023-11-19 23:51:46 - [TEST_STEP][PASSED] - click(findTestObject("Object Repository/Page_Swag Labs/input_Swag Labs_login-button")): Object: 'Object Repository/Page_Swag Labs/input_Swag Labs_login-button' is clicked on

2023-11-19 23:51:47 - [MESSAGE][PASSED] - Object: 'Object Repository/Page_Swag Labs/input_Swag Labs_login-button' is clicked on

2023-11-19 23:51:47 - [TEST_STEP][PASSED] - click(findTestObject("Object Repository/Page_Swag Labs/input_Swag Labs_login-button")): Object: 'Object Repository/Page_Swag Labs/input_Swag Labs_login-button' is clicked on

2023-11-19 23:51:47 - [MESSAGE][PASSED] - Object: 'Object Repository/Page_Swag Labs/input_Swag Labs_login-button' is clicked on

2023-11-19 23:51:47 - [TEST_STEP][PASSED] - closeBrowser(): Browser is closed

2023-11-19 23:51:48 - [MESSAGE][PASSED] - Browser is closed]]></system-out>
         <system-err><![CDATA[]]></system-err>
      </testcase>
      <testcase name="Test Cases/login no valido - clave erronea" time="37.714" classname="Test Cases/login no valido - clave erronea" status="PASSED">
         <system-out><![CDATA[2023-11-19 23:51:48 - [TEST_CASE][PASSED] - Test Cases/login no valido - clave erronea: Test Cases/login no valido - clave erronea

2023-11-19 23:51:49 - [TEST_STEP][PASSED] - openBrowser(""): Browser is opened with url: ''

2023-11-19 23:51:49 - [MESSAGE][INFO] - Starting 'Chrome' driver

2023-11-19 23:51:49 - [MESSAGE][INFO] - Action delay is set to 0 milliseconds

2023-11-19 23:51:50 - [MESSAGE][PASSED] - Browser is opened with url: ''

2023-11-19 23:51:50 - [TEST_STEP][PASSED] - navigateToUrl("https://www.saucedemo.com/"): Navigate to 'https://www.saucedemo.com/' successfully

2023-11-19 23:51:53 - [MESSAGE][PASSED] - Navigate to 'https://www.saucedemo.com/' successfully

2023-11-19 23:51:53 - [TEST_STEP][PASSED] - setText(findTestObject("Object Repository/Page_Swag Labs/input_Swag Labs_user-name"), "standard_user"): Text 'standard_user' is set on object 'Object Repository/Page_Swag Labs/input_Swag Labs_user-name'

2023-11-19 23:51:54 - [MESSAGE][PASSED] - Text 'standard_user' is set on object 'Object Repository/Page_Swag Labs/input_Swag Labs_user-name'

2023-11-19 23:51:54 - [TEST_STEP][PASSED] - setEncryptedText(findTestObject("Object Repository/Page_Swag Labs/input_Swag Labs_password"), "aeHFOx8jV/A="): Text ****** has been set on object 'Object Repository/Page_Swag Labs/input_Swag Labs_password'

2023-11-19 23:51:55 - [MESSAGE][PASSED] - Text ****** has been set on object 'Object Repository/Page_Swag Labs/input_Swag Labs_password'

2023-11-19 23:51:55 - [TEST_STEP][PASSED] - click(findTestObject("Object Repository/Page_Swag Labs/input_Swag Labs_login-button")): Object: 'Object Repository/Page_Swag Labs/input_Swag Labs_login-button' is clicked on

2023-11-19 23:51:55 - [MESSAGE][PASSED] - Object: 'Object Repository/Page_Swag Labs/input_Swag Labs_login-button' is clicked on

2023-11-19 23:51:55 - [TEST_STEP][PASSED] - click(findTestObject("Object Repository/Page_Swag Labs/input_Swag Labs_login-button")): Object: 'Object Repository/Page_Swag Labs/input_Swag Labs_login-button' is clicked on

2023-11-19 23:52:25 - [MESSAGE][PASSED] - Object: 'Object Repository/Page_Swag Labs/input_Swag Labs_login-button' is clicked on

2023-11-19 23:52:25 - [TEST_STEP][PASSED] - closeBrowser(): Browser is closed

2023-11-19 23:52:26 - [MESSAGE][PASSED] - Browser is closed]]></system-out>
         <system-err><![CDATA[]]></system-err>
      </testcase>
      <testcase name="Test Cases/login no Valido - usuario erroneo - verify Element no present" time="7.695" classname="Test Cases/login no Valido - usuario erroneo - verify Element no present" status="PASSED">
         <system-out><![CDATA[2023-11-19 23:52:26 - [TEST_CASE][PASSED] - Test Cases/login no Valido - usuario erroneo - verify Element no present: Test Cases/login no Valido - usuario erroneo - verify Element no present

2023-11-19 23:52:26 - [TEST_STEP][PASSED] - openBrowser(""): Browser is opened with url: ''

2023-11-19 23:52:26 - [MESSAGE][INFO] - Starting 'Chrome' driver

2023-11-19 23:52:26 - [MESSAGE][INFO] - Action delay is set to 0 milliseconds

2023-11-19 23:52:28 - [MESSAGE][PASSED] - Browser is opened with url: ''

2023-11-19 23:52:28 - [TEST_STEP][PASSED] - navigateToUrl("https://www.saucedemo.com/"): Navigate to 'https://www.saucedemo.com/' successfully

2023-11-19 23:52:30 - [MESSAGE][PASSED] - Navigate to 'https://www.saucedemo.com/' successfully

2023-11-19 23:52:30 - [TEST_STEP][PASSED] - setText(findTestObject("Object Repository/Page_Swag Labs/input_Swag Labs_user-name"), "standard_user"): Text 'standard_user' is set on object 'Object Repository/Page_Swag Labs/input_Swag Labs_user-name'

2023-11-19 23:52:32 - [MESSAGE][PASSED] - Text 'standard_user' is set on object 'Object Repository/Page_Swag Labs/input_Swag Labs_user-name'

2023-11-19 23:52:32 - [TEST_STEP][PASSED] - setEncryptedText(findTestObject("Object Repository/Page_Swag Labs/input_Swag Labs_password"), "qcu24s4901FyWDTwXGr6XA=="): Text ****** has been set on object 'Object Repository/Page_Swag Labs/input_Swag Labs_password'

2023-11-19 23:52:32 - [MESSAGE][PASSED] - Text ****** has been set on object 'Object Repository/Page_Swag Labs/input_Swag Labs_password'

2023-11-19 23:52:32 - [TEST_STEP][PASSED] - click(findTestObject("Object Repository/Page_Swag Labs/input_Swag Labs_login-button")): Object: 'Object Repository/Page_Swag Labs/input_Swag Labs_login-button' is clicked on

2023-11-19 23:52:32 - [MESSAGE][PASSED] - Object: 'Object Repository/Page_Swag Labs/input_Swag Labs_login-button' is clicked on

2023-11-19 23:52:32 - [TEST_STEP][PASSED] - verifyElementNotPresent(findTestObject("Page_Swag Labs/input_Swag Labs_login-button"), 5): Web element with id: 'Object Repository/Page_Swag Labs/input_Swag Labs_login-button' located by 'By.xpath: //input[@id='login-button']' is not present after '5' second(s)

2023-11-19 23:52:33 - [MESSAGE][PASSED] - Web element with id: 'Object Repository/Page_Swag Labs/input_Swag Labs_login-button' located by 'By.xpath: //input[@id='login-button']' is not present after '5' second(s)

2023-11-19 23:52:33 - [TEST_STEP][PASSED] - closeBrowser(): Browser is closed

2023-11-19 23:52:34 - [MESSAGE][PASSED] - Browser is closed]]></system-out>
         <system-err><![CDATA[]]></system-err>
      </testcase>
      <testcase name="Test Cases/login no Valido - usuario incorrecto" time="7.143" classname="Test Cases/login no Valido - usuario incorrecto" status="PASSED">
         <system-out><![CDATA[2023-11-19 23:52:34 - [TEST_CASE][PASSED] - Test Cases/login no Valido - usuario incorrecto: Test Cases/login no Valido - usuario incorrecto

2023-11-19 23:52:34 - [TEST_STEP][PASSED] - openBrowser(""): Browser is opened with url: ''

2023-11-19 23:52:34 - [MESSAGE][INFO] - Starting 'Chrome' driver

2023-11-19 23:52:34 - [MESSAGE][INFO] - Action delay is set to 0 milliseconds

2023-11-19 23:52:35 - [MESSAGE][PASSED] - Browser is opened with url: ''

2023-11-19 23:52:35 - [TEST_STEP][PASSED] - navigateToUrl("https://www.saucedemo.com/"): Navigate to 'https://www.saucedemo.com/' successfully

2023-11-19 23:52:37 - [MESSAGE][PASSED] - Navigate to 'https://www.saucedemo.com/' successfully

2023-11-19 23:52:37 - [TEST_STEP][PASSED] - setText(findTestObject("Object Repository/Page_Swag Labs/input_Swag Labs_user-name"), "standard_user2"): Text 'standard_user2' is set on object 'Object Repository/Page_Swag Labs/input_Swag Labs_user-name'

2023-11-19 23:52:39 - [MESSAGE][PASSED] - Text 'standard_user2' is set on object 'Object Repository/Page_Swag Labs/input_Swag Labs_user-name'

2023-11-19 23:52:39 - [TEST_STEP][PASSED] - setEncryptedText(findTestObject("Object Repository/Page_Swag Labs/input_Swag Labs_password"), "qcu24s4901FyWDTwXGr6XA=="): Text ****** has been set on object 'Object Repository/Page_Swag Labs/input_Swag Labs_password'

2023-11-19 23:52:40 - [MESSAGE][PASSED] - Text ****** has been set on object 'Object Repository/Page_Swag Labs/input_Swag Labs_password'

2023-11-19 23:52:40 - [TEST_STEP][PASSED] - click(findTestObject("Object Repository/Page_Swag Labs/input_Swag Labs_login-button")): Object: 'Object Repository/Page_Swag Labs/input_Swag Labs_login-button' is clicked on

2023-11-19 23:52:40 - [MESSAGE][PASSED] - Object: 'Object Repository/Page_Swag Labs/input_Swag Labs_login-button' is clicked on

2023-11-19 23:52:40 - [TEST_STEP][PASSED] - closeBrowser(): Browser is closed

2023-11-19 23:52:41 - [MESSAGE][PASSED] - Browser is closed]]></system-out>
         <system-err><![CDATA[]]></system-err>
      </testcase>
      <testcase name="Test Cases/login Valido" time="7.015" classname="Test Cases/login Valido" status="PASSED">
         <system-out><![CDATA[2023-11-19 23:52:41 - [TEST_CASE][PASSED] - Test Cases/login Valido: Test Cases/login Valido

2023-11-19 23:52:41 - [TEST_STEP][PASSED] - openBrowser(""): Browser is opened with url: ''

2023-11-19 23:52:41 - [MESSAGE][INFO] - Starting 'Chrome' driver

2023-11-19 23:52:41 - [MESSAGE][INFO] - Action delay is set to 0 milliseconds

2023-11-19 23:52:43 - [MESSAGE][PASSED] - Browser is opened with url: ''

2023-11-19 23:52:43 - [TEST_STEP][PASSED] - navigateToUrl("https://www.saucedemo.com/"): Navigate to 'https://www.saucedemo.com/' successfully

2023-11-19 23:52:45 - [MESSAGE][PASSED] - Navigate to 'https://www.saucedemo.com/' successfully

2023-11-19 23:52:45 - [TEST_STEP][PASSED] - setText(findTestObject("Object Repository/Page_Swag Labs/input_Swag Labs_user-name"), "standard_user"): Text 'standard_user' is set on object 'Object Repository/Page_Swag Labs/input_Swag Labs_user-name'

2023-11-19 23:52:46 - [MESSAGE][PASSED] - Text 'standard_user' is set on object 'Object Repository/Page_Swag Labs/input_Swag Labs_user-name'

2023-11-19 23:52:46 - [TEST_STEP][PASSED] - setEncryptedText(findTestObject("Object Repository/Page_Swag Labs/input_Swag Labs_password"), "qcu24s4901FyWDTwXGr6XA=="): Text ****** has been set on object 'Object Repository/Page_Swag Labs/input_Swag Labs_password'

2023-11-19 23:52:47 - [MESSAGE][PASSED] - Text ****** has been set on object 'Object Repository/Page_Swag Labs/input_Swag Labs_password'

2023-11-19 23:52:47 - [TEST_STEP][PASSED] - click(findTestObject("Object Repository/Page_Swag Labs/input_Swag Labs_login-button")): Object: 'Object Repository/Page_Swag Labs/input_Swag Labs_login-button' is clicked on

2023-11-19 23:52:47 - [MESSAGE][PASSED] - Object: 'Object Repository/Page_Swag Labs/input_Swag Labs_login-button' is clicked on

2023-11-19 23:52:47 - [TEST_STEP][PASSED] - closeBrowser(): Browser is closed

2023-11-19 23:52:48 - [MESSAGE][PASSED] - Browser is closed]]></system-out>
         <system-err><![CDATA[]]></system-err>
      </testcase>
      <testcase name="Test Cases/checkout" time="13.941" classname="Test Cases/checkout" status="PASSED">
         <system-out><![CDATA[2023-11-19 23:52:48 - [TEST_CASE][PASSED] - Test Cases/checkout: Test Cases/checkout

2023-11-19 23:52:48 - [TEST_STEP][PASSED] - openBrowser(""): Browser is opened with url: ''

2023-11-19 23:52:48 - [MESSAGE][INFO] - Starting 'Chrome' driver

2023-11-19 23:52:48 - [MESSAGE][INFO] - Action delay is set to 0 milliseconds

2023-11-19 23:52:50 - [MESSAGE][PASSED] - Browser is opened with url: ''

2023-11-19 23:52:50 - [TEST_STEP][PASSED] - navigateToUrl("https://www.saucedemo.com/"): Navigate to 'https://www.saucedemo.com/' successfully

2023-11-19 23:52:52 - [MESSAGE][PASSED] - Navigate to 'https://www.saucedemo.com/' successfully

2023-11-19 23:52:52 - [TEST_STEP][PASSED] - click(findTestObject("Object Repository/Page_Swag Labs/input_Swag Labs_user-name")): Object: 'Object Repository/Page_Swag Labs/input_Swag Labs_user-name' is clicked on

2023-11-19 23:52:53 - [MESSAGE][PASSED] - Object: 'Object Repository/Page_Swag Labs/input_Swag Labs_user-name' is clicked on

2023-11-19 23:52:53 - [TEST_STEP][PASSED] - click(findTestObject("Object Repository/Page_Swag Labs/div_Accepted usernames arestandard_userlock_0d4679")): Object: 'Object Repository/Page_Swag Labs/div_Accepted usernames arestandard_userlock_0d4679' is clicked on

2023-11-19 23:52:54 - [MESSAGE][PASSED] - Object: 'Object Repository/Page_Swag Labs/div_Accepted usernames arestandard_userlock_0d4679' is clicked on

2023-11-19 23:52:54 - [TEST_STEP][PASSED] - setText(findTestObject("Object Repository/Page_Swag Labs/input_Swag Labs_user-name"), "standard_user"): Text 'standard_user' is set on object 'Object Repository/Page_Swag Labs/input_Swag Labs_user-name'

2023-11-19 23:52:54 - [MESSAGE][PASSED] - Text 'standard_user' is set on object 'Object Repository/Page_Swag Labs/input_Swag Labs_user-name'

2023-11-19 23:52:54 - [TEST_STEP][PASSED] - click(findTestObject("Object Repository/Page_Swag Labs/div_Password for all userssecret_sauce")): Object: 'Object Repository/Page_Swag Labs/div_Password for all userssecret_sauce' is clicked on

2023-11-19 23:52:55 - [MESSAGE][PASSED] - Object: 'Object Repository/Page_Swag Labs/div_Password for all userssecret_sauce' is clicked on

2023-11-19 23:52:55 - [TEST_STEP][PASSED] - setEncryptedText(findTestObject("Object Repository/Page_Swag Labs/input_Swag Labs_password"), "qcu24s4901FyWDTwXGr6XA=="): Text ****** has been set on object 'Object Repository/Page_Swag Labs/input_Swag Labs_password'

2023-11-19 23:52:55 - [MESSAGE][PASSED] - Text ****** has been set on object 'Object Repository/Page_Swag Labs/input_Swag Labs_password'

2023-11-19 23:52:55 - [TEST_STEP][PASSED] - click(findTestObject("Object Repository/Page_Swag Labs/input_Swag Labs_login-button")): Object: 'Object Repository/Page_Swag Labs/input_Swag Labs_login-button' is clicked on

2023-11-19 23:52:56 - [MESSAGE][PASSED] - Object: 'Object Repository/Page_Swag Labs/input_Swag Labs_login-button' is clicked on

2023-11-19 23:52:56 - [TEST_STEP][PASSED] - click(findTestObject("Object Repository/Page_Swag Labs/a_Swag Labs_shopping_cart_link")): Object: 'Object Repository/Page_Swag Labs/a_Swag Labs_shopping_cart_link' is clicked on

2023-11-19 23:52:56 - [MESSAGE][PASSED] - Object: 'Object Repository/Page_Swag Labs/a_Swag Labs_shopping_cart_link' is clicked on

2023-11-19 23:52:56 - [TEST_STEP][PASSED] - click(findTestObject("Object Repository/Page_Swag Labs/button_Checkout")): Object: 'Object Repository/Page_Swag Labs/button_Checkout' is clicked on

2023-11-19 23:52:57 - [MESSAGE][PASSED] - Object: 'Object Repository/Page_Swag Labs/button_Checkout' is clicked on

2023-11-19 23:52:57 - [TEST_STEP][PASSED] - setText(findTestObject("Object Repository/Page_Swag Labs/input_Checkout Your Information_firstName"), firstName): Text 'Pablo' is set on object 'Object Repository/Page_Swag Labs/input_Checkout Your Information_firstName'

2023-11-19 23:52:58 - [MESSAGE][PASSED] - Text 'Pablo' is set on object 'Object Repository/Page_Swag Labs/input_Checkout Your Information_firstName'

2023-11-19 23:52:58 - [TEST_STEP][PASSED] - setText(findTestObject("Object Repository/Page_Swag Labs/input_Checkout Your Information_lastName"), lastName): Text 'Roda' is set on object 'Object Repository/Page_Swag Labs/input_Checkout Your Information_lastName'

2023-11-19 23:52:59 - [MESSAGE][PASSED] - Text 'Roda' is set on object 'Object Repository/Page_Swag Labs/input_Checkout Your Information_lastName'

2023-11-19 23:52:59 - [TEST_STEP][PASSED] - setText(findTestObject("Object Repository/Page_Swag Labs/input_Checkout Your Information_postalCode"), postalCode): Text '4000' is set on object 'Object Repository/Page_Swag Labs/input_Checkout Your Information_postalCode'

2023-11-19 23:53:00 - [MESSAGE][PASSED] - Text '4000' is set on object 'Object Repository/Page_Swag Labs/input_Checkout Your Information_postalCode'

2023-11-19 23:53:00 - [TEST_STEP][PASSED] - click(findTestObject("Object Repository/Page_Swag Labs/input_Cancel_continue")): Object: 'Object Repository/Page_Swag Labs/input_Cancel_continue' is clicked on

2023-11-19 23:53:00 - [MESSAGE][PASSED] - Object: 'Object Repository/Page_Swag Labs/input_Cancel_continue' is clicked on

2023-11-19 23:53:00 - [TEST_STEP][PASSED] - click(findTestObject("Object Repository/Page_Swag Labs/button_Finish")): Object: 'Object Repository/Page_Swag Labs/button_Finish' is clicked on

2023-11-19 23:53:01 - [MESSAGE][PASSED] - Object: 'Object Repository/Page_Swag Labs/button_Finish' is clicked on

2023-11-19 23:53:01 - [TEST_STEP][PASSED] - click(findTestObject("Object Repository/Page_Swag Labs/button_Back Home")): Object: 'Object Repository/Page_Swag Labs/button_Back Home' is clicked on

2023-11-19 23:53:01 - [MESSAGE][PASSED] - Object: 'Object Repository/Page_Swag Labs/button_Back Home' is clicked on

2023-11-19 23:53:01 - [TEST_STEP][PASSED] - closeBrowser(): Browser is closed

2023-11-19 23:53:02 - [MESSAGE][PASSED] - Browser is closed]]></system-out>
         <system-err><![CDATA[]]></system-err>
      </testcase>
      <testcase name="Test Cases/checkout" time="13.455" classname="Test Cases/checkout" status="PASSED">
         <system-out><![CDATA[2023-11-19 23:53:02 - [TEST_CASE][PASSED] - Test Cases/checkout: Test Cases/checkout

2023-11-19 23:53:02 - [TEST_STEP][PASSED] - openBrowser(""): Browser is opened with url: ''

2023-11-19 23:53:02 - [MESSAGE][INFO] - Starting 'Chrome' driver

2023-11-19 23:53:02 - [MESSAGE][INFO] - Action delay is set to 0 milliseconds

2023-11-19 23:53:03 - [MESSAGE][PASSED] - Browser is opened with url: ''

2023-11-19 23:53:03 - [TEST_STEP][PASSED] - navigateToUrl("https://www.saucedemo.com/"): Navigate to 'https://www.saucedemo.com/' successfully

2023-11-19 23:53:06 - [MESSAGE][PASSED] - Navigate to 'https://www.saucedemo.com/' successfully

2023-11-19 23:53:06 - [TEST_STEP][PASSED] - click(findTestObject("Object Repository/Page_Swag Labs/input_Swag Labs_user-name")): Object: 'Object Repository/Page_Swag Labs/input_Swag Labs_user-name' is clicked on

2023-11-19 23:53:07 - [MESSAGE][PASSED] - Object: 'Object Repository/Page_Swag Labs/input_Swag Labs_user-name' is clicked on

2023-11-19 23:53:07 - [TEST_STEP][PASSED] - click(findTestObject("Object Repository/Page_Swag Labs/div_Accepted usernames arestandard_userlock_0d4679")): Object: 'Object Repository/Page_Swag Labs/div_Accepted usernames arestandard_userlock_0d4679' is clicked on

2023-11-19 23:53:07 - [MESSAGE][PASSED] - Object: 'Object Repository/Page_Swag Labs/div_Accepted usernames arestandard_userlock_0d4679' is clicked on

2023-11-19 23:53:07 - [TEST_STEP][PASSED] - setText(findTestObject("Object Repository/Page_Swag Labs/input_Swag Labs_user-name"), "standard_user"): Text 'standard_user' is set on object 'Object Repository/Page_Swag Labs/input_Swag Labs_user-name'

2023-11-19 23:53:08 - [MESSAGE][PASSED] - Text 'standard_user' is set on object 'Object Repository/Page_Swag Labs/input_Swag Labs_user-name'

2023-11-19 23:53:08 - [TEST_STEP][PASSED] - click(findTestObject("Object Repository/Page_Swag Labs/div_Password for all userssecret_sauce")): Object: 'Object Repository/Page_Swag Labs/div_Password for all userssecret_sauce' is clicked on

2023-11-19 23:53:08 - [MESSAGE][PASSED] - Object: 'Object Repository/Page_Swag Labs/div_Password for all userssecret_sauce' is clicked on

2023-11-19 23:53:08 - [TEST_STEP][PASSED] - setEncryptedText(findTestObject("Object Repository/Page_Swag Labs/input_Swag Labs_password"), "qcu24s4901FyWDTwXGr6XA=="): Text ****** has been set on object 'Object Repository/Page_Swag Labs/input_Swag Labs_password'

2023-11-19 23:53:09 - [MESSAGE][PASSED] - Text ****** has been set on object 'Object Repository/Page_Swag Labs/input_Swag Labs_password'

2023-11-19 23:53:09 - [TEST_STEP][PASSED] - click(findTestObject("Object Repository/Page_Swag Labs/input_Swag Labs_login-button")): Object: 'Object Repository/Page_Swag Labs/input_Swag Labs_login-button' is clicked on

2023-11-19 23:53:09 - [MESSAGE][PASSED] - Object: 'Object Repository/Page_Swag Labs/input_Swag Labs_login-button' is clicked on

2023-11-19 23:53:09 - [TEST_STEP][PASSED] - click(findTestObject("Object Repository/Page_Swag Labs/a_Swag Labs_shopping_cart_link")): Object: 'Object Repository/Page_Swag Labs/a_Swag Labs_shopping_cart_link' is clicked on

2023-11-19 23:53:10 - [MESSAGE][PASSED] - Object: 'Object Repository/Page_Swag Labs/a_Swag Labs_shopping_cart_link' is clicked on

2023-11-19 23:53:10 - [TEST_STEP][PASSED] - click(findTestObject("Object Repository/Page_Swag Labs/button_Checkout")): Object: 'Object Repository/Page_Swag Labs/button_Checkout' is clicked on

2023-11-19 23:53:10 - [MESSAGE][PASSED] - Object: 'Object Repository/Page_Swag Labs/button_Checkout' is clicked on

2023-11-19 23:53:10 - [TEST_STEP][PASSED] - setText(findTestObject("Object Repository/Page_Swag Labs/input_Checkout Your Information_firstName"), firstName): Text 'Claudia' is set on object 'Object Repository/Page_Swag Labs/input_Checkout Your Information_firstName'

2023-11-19 23:53:11 - [MESSAGE][PASSED] - Text 'Claudia' is set on object 'Object Repository/Page_Swag Labs/input_Checkout Your Information_firstName'

2023-11-19 23:53:11 - [TEST_STEP][PASSED] - setText(findTestObject("Object Repository/Page_Swag Labs/input_Checkout Your Information_lastName"), lastName): Text 'Nieva' is set on object 'Object Repository/Page_Swag Labs/input_Checkout Your Information_lastName'

2023-11-19 23:53:12 - [MESSAGE][PASSED] - Text 'Nieva' is set on object 'Object Repository/Page_Swag Labs/input_Checkout Your Information_lastName'

2023-11-19 23:53:12 - [TEST_STEP][PASSED] - setText(findTestObject("Object Repository/Page_Swag Labs/input_Checkout Your Information_postalCode"), postalCode): Text '4000' is set on object 'Object Repository/Page_Swag Labs/input_Checkout Your Information_postalCode'

2023-11-19 23:53:13 - [MESSAGE][PASSED] - Text '4000' is set on object 'Object Repository/Page_Swag Labs/input_Checkout Your Information_postalCode'

2023-11-19 23:53:13 - [TEST_STEP][PASSED] - click(findTestObject("Object Repository/Page_Swag Labs/input_Cancel_continue")): Object: 'Object Repository/Page_Swag Labs/input_Cancel_continue' is clicked on

2023-11-19 23:53:13 - [MESSAGE][PASSED] - Object: 'Object Repository/Page_Swag Labs/input_Cancel_continue' is clicked on

2023-11-19 23:53:14 - [TEST_STEP][PASSED] - click(findTestObject("Object Repository/Page_Swag Labs/button_Finish")): Object: 'Object Repository/Page_Swag Labs/button_Finish' is clicked on

2023-11-19 23:53:14 - [MESSAGE][PASSED] - Object: 'Object Repository/Page_Swag Labs/button_Finish' is clicked on

2023-11-19 23:53:14 - [TEST_STEP][PASSED] - click(findTestObject("Object Repository/Page_Swag Labs/button_Back Home")): Object: 'Object Repository/Page_Swag Labs/button_Back Home' is clicked on

2023-11-19 23:53:15 - [MESSAGE][PASSED] - Object: 'Object Repository/Page_Swag Labs/button_Back Home' is clicked on

2023-11-19 23:53:15 - [TEST_STEP][PASSED] - closeBrowser(): Browser is closed

2023-11-19 23:53:15 - [MESSAGE][PASSED] - Browser is closed]]></system-out>
         <system-err><![CDATA[]]></system-err>
      </testcase>
      <testcase name="Test Cases/checkout" time="13.548" classname="Test Cases/checkout" status="PASSED">
         <system-out><![CDATA[2023-11-19 23:53:15 - [TEST_CASE][PASSED] - Test Cases/checkout: Test Cases/checkout

2023-11-19 23:53:15 - [TEST_STEP][PASSED] - openBrowser(""): Browser is opened with url: ''

2023-11-19 23:53:15 - [MESSAGE][INFO] - Starting 'Chrome' driver

2023-11-19 23:53:15 - [MESSAGE][INFO] - Action delay is set to 0 milliseconds

2023-11-19 23:53:17 - [MESSAGE][PASSED] - Browser is opened with url: ''

2023-11-19 23:53:17 - [TEST_STEP][PASSED] - navigateToUrl("https://www.saucedemo.com/"): Navigate to 'https://www.saucedemo.com/' successfully

2023-11-19 23:53:19 - [MESSAGE][PASSED] - Navigate to 'https://www.saucedemo.com/' successfully

2023-11-19 23:53:19 - [TEST_STEP][PASSED] - click(findTestObject("Object Repository/Page_Swag Labs/input_Swag Labs_user-name")): Object: 'Object Repository/Page_Swag Labs/input_Swag Labs_user-name' is clicked on

2023-11-19 23:53:20 - [MESSAGE][PASSED] - Object: 'Object Repository/Page_Swag Labs/input_Swag Labs_user-name' is clicked on

2023-11-19 23:53:20 - [TEST_STEP][PASSED] - click(findTestObject("Object Repository/Page_Swag Labs/div_Accepted usernames arestandard_userlock_0d4679")): Object: 'Object Repository/Page_Swag Labs/div_Accepted usernames arestandard_userlock_0d4679' is clicked on

2023-11-19 23:53:21 - [MESSAGE][PASSED] - Object: 'Object Repository/Page_Swag Labs/div_Accepted usernames arestandard_userlock_0d4679' is clicked on

2023-11-19 23:53:21 - [TEST_STEP][PASSED] - setText(findTestObject("Object Repository/Page_Swag Labs/input_Swag Labs_user-name"), "standard_user"): Text 'standard_user' is set on object 'Object Repository/Page_Swag Labs/input_Swag Labs_user-name'

2023-11-19 23:53:22 - [MESSAGE][PASSED] - Text 'standard_user' is set on object 'Object Repository/Page_Swag Labs/input_Swag Labs_user-name'

2023-11-19 23:53:22 - [TEST_STEP][PASSED] - click(findTestObject("Object Repository/Page_Swag Labs/div_Password for all userssecret_sauce")): Object: 'Object Repository/Page_Swag Labs/div_Password for all userssecret_sauce' is clicked on

2023-11-19 23:53:22 - [MESSAGE][PASSED] - Object: 'Object Repository/Page_Swag Labs/div_Password for all userssecret_sauce' is clicked on

2023-11-19 23:53:22 - [TEST_STEP][PASSED] - setEncryptedText(findTestObject("Object Repository/Page_Swag Labs/input_Swag Labs_password"), "qcu24s4901FyWDTwXGr6XA=="): Text ****** has been set on object 'Object Repository/Page_Swag Labs/input_Swag Labs_password'

2023-11-19 23:53:22 - [MESSAGE][PASSED] - Text ****** has been set on object 'Object Repository/Page_Swag Labs/input_Swag Labs_password'

2023-11-19 23:53:22 - [TEST_STEP][PASSED] - click(findTestObject("Object Repository/Page_Swag Labs/input_Swag Labs_login-button")): Object: 'Object Repository/Page_Swag Labs/input_Swag Labs_login-button' is clicked on

2023-11-19 23:53:23 - [MESSAGE][PASSED] - Object: 'Object Repository/Page_Swag Labs/input_Swag Labs_login-button' is clicked on

2023-11-19 23:53:23 - [TEST_STEP][PASSED] - click(findTestObject("Object Repository/Page_Swag Labs/a_Swag Labs_shopping_cart_link")): Object: 'Object Repository/Page_Swag Labs/a_Swag Labs_shopping_cart_link' is clicked on

2023-11-19 23:53:23 - [MESSAGE][PASSED] - Object: 'Object Repository/Page_Swag Labs/a_Swag Labs_shopping_cart_link' is clicked on

2023-11-19 23:53:23 - [TEST_STEP][PASSED] - click(findTestObject("Object Repository/Page_Swag Labs/button_Checkout")): Object: 'Object Repository/Page_Swag Labs/button_Checkout' is clicked on

2023-11-19 23:53:24 - [MESSAGE][PASSED] - Object: 'Object Repository/Page_Swag Labs/button_Checkout' is clicked on

2023-11-19 23:53:24 - [TEST_STEP][PASSED] - setText(findTestObject("Object Repository/Page_Swag Labs/input_Checkout Your Information_firstName"), firstName): Text 'Walter ' is set on object 'Object Repository/Page_Swag Labs/input_Checkout Your Information_firstName'

2023-11-19 23:53:25 - [MESSAGE][PASSED] - Text 'Walter ' is set on object 'Object Repository/Page_Swag Labs/input_Checkout Your Information_firstName'

2023-11-19 23:53:25 - [TEST_STEP][PASSED] - setText(findTestObject("Object Repository/Page_Swag Labs/input_Checkout Your Information_lastName"), lastName): Text 'Nieva' is set on object 'Object Repository/Page_Swag Labs/input_Checkout Your Information_lastName'

2023-11-19 23:53:26 - [MESSAGE][PASSED] - Text 'Nieva' is set on object 'Object Repository/Page_Swag Labs/input_Checkout Your Information_lastName'

2023-11-19 23:53:26 - [TEST_STEP][PASSED] - setText(findTestObject("Object Repository/Page_Swag Labs/input_Checkout Your Information_postalCode"), postalCode): Text '4000' is set on object 'Object Repository/Page_Swag Labs/input_Checkout Your Information_postalCode'

2023-11-19 23:53:27 - [MESSAGE][PASSED] - Text '4000' is set on object 'Object Repository/Page_Swag Labs/input_Checkout Your Information_postalCode'

2023-11-19 23:53:27 - [TEST_STEP][PASSED] - click(findTestObject("Object Repository/Page_Swag Labs/input_Cancel_continue")): Object: 'Object Repository/Page_Swag Labs/input_Cancel_continue' is clicked on

2023-11-19 23:53:27 - [MESSAGE][PASSED] - Object: 'Object Repository/Page_Swag Labs/input_Cancel_continue' is clicked on

2023-11-19 23:53:27 - [TEST_STEP][PASSED] - click(findTestObject("Object Repository/Page_Swag Labs/button_Finish")): Object: 'Object Repository/Page_Swag Labs/button_Finish' is clicked on

2023-11-19 23:53:28 - [MESSAGE][PASSED] - Object: 'Object Repository/Page_Swag Labs/button_Finish' is clicked on

2023-11-19 23:53:28 - [TEST_STEP][PASSED] - click(findTestObject("Object Repository/Page_Swag Labs/button_Back Home")): Object: 'Object Repository/Page_Swag Labs/button_Back Home' is clicked on

2023-11-19 23:53:28 - [MESSAGE][PASSED] - Object: 'Object Repository/Page_Swag Labs/button_Back Home' is clicked on

2023-11-19 23:53:28 - [TEST_STEP][PASSED] - closeBrowser(): Browser is closed

2023-11-19 23:53:29 - [MESSAGE][PASSED] - Browser is closed]]></system-out>
         <system-err><![CDATA[]]></system-err>
      </testcase>
      <system-out><![CDATA[2023-11-19 23:51:26 - [TEST_SUITE][PASSED] - TS_TP4: Test Cases/checkout]]></system-out>
      <system-err><![CDATA[]]></system-err>
   </testsuite>
</testsuites>
